[shtheme.net/demosd/cruise/index.html]
[shtheme.net/demosd/cruise/wp-content/themes/cruise/img/my-portfolio.ico]
[backblue.gif]
[fade.gif]
[index.html]
[fonts.googleapis.com/index.html]
[shtheme.net/demosd/cruise/indexd784.html]
[shtheme.net/demosd/cruise/indexa6da.html]
[shtheme.net/demosd/cruise/wp-includes/js/jquery/jqueryb8ff.js]
[shtheme.net/demosd/cruise/wp-includes/js/jquery/jquery-migrate.min330a.js]
[shtheme.net/demosd/cruise/wp-content/plugins/woocommerce/assets/js/frontend/add-to-cart.mind7ad.js]
[shtheme.net/demosd/cruise/wp-includes/js/underscore.min4511.js]
[shtheme.net/demosd/cruise/wp-includes/js/wp-util.min5010.js]
[shtheme.net/demosd/cruise/wp-includes/js/jquery/ui/core.mine899.js]
[shtheme.net/demosd/cruise/wp-includes/js/jquery/ui/widget.mine899.js]
[shtheme.net/demosd/cruise/wp-includes/js/jquery/ui/mouse.mine899.js]
[shtheme.net/demosd/cruise/wp-includes/js/jquery/ui/sortable.mine899.js]
[shtheme.net/demosd/cruise/wp-includes/js/jquery/ui/datepicker.mine899.js]
[shtheme.net/demosd/cruise/wp-content/plugins/wp-hotel-booking/includes/libraries/owl-carousel/owl.carousel.min5010.js]
[shtheme.net/demosd/cruise/wp-content/plugins/wp-hotel-booking/assets/js/select2.min5010.js]
[shtheme.net/demosd/cruise/wp-content/plugins/js_composer/assets/js/vendors/woocommerce-add-to-cart2720.js]
[shtheme.net/demosd/cruise/index52f0.json]
[shtheme.net/demosd/cruise/indexab52.json]
[shtheme.net/demosd/cruise/index9f13.php]
[shtheme.net/demosd/cruise/wp-content/themes/cruise/assets/images/user.jpg]
[shtheme.net/demosd/cruise/wp-content/uploads/2016/05/tour1.jpg]
[shtheme.net/demosd/cruise/wp-content/uploads/2016/05/tour3.jpg]
[shtheme.net/demosd/cruise/index14cc.html]
[shtheme.net/demosd/cruise/wp-content/uploads/2016/05/tour2.jpg]
[shtheme.net/demosd/cruise/indexcbbc.html]
[shtheme.net/demosd/cruise/wp-content/uploads/2016/05/tour4.jpg]
[shtheme.net/demosd/cruise/wp-content/themes/cruise/assets/images/tripadvisor.png]
[shtheme.net/demosd/cruise/wp-content/uploads/2016/05/tour12.jpg]
[shtheme.net/demosd/cruise/index3bb3.html]
[shtheme.net/demosd/cruise/wp-content/uploads/2016/05/tour11.jpg]
[shtheme.net/demosd/cruise/wp-content/uploads/2016/05/home31.jpg]
[shtheme.net/demosd/cruise/index798a.html]
[shtheme.net/demosd/cruise/wp-content/uploads/2016/06/bg-image2.jpg]
[shtheme.net/demosd/cruise/wp-content/uploads/2016/06/tour1.jpg]
[shtheme.net/demosd/cruise/wp-content/uploads/2016/06/tour2.jpg]
[shtheme.net/demosd/cruise/wp-content/uploads/2016/06/tour3.jpg]
[shtheme.net/demosd/cruise/wp-content/uploads/2016/06/tour5.jpg]
[shtheme.net/demosd/cruise/wp-content/uploads/2016/06/offer4-1.jpg]
[shtheme.net/demosd/cruise/wp-content/uploads/2016/06/offer3.jpg]
[shtheme.net/demosd/cruise/wp-content/uploads/2016/06/offer4.jpg]
[shtheme.net/demosd/cruise/wp-content/uploads/2016/05/offer1-4.jpg]
[shtheme.net/demosd/cruise/wp-content/uploads/2016/05/offer3-1.jpg]
[shtheme.net/demosd/cruise/indexe735.html]
[shtheme.net/demosd/cruise/wp-content/uploads/2016/05/offer3-2.jpg]
[shtheme.net/demosd/cruise/index0405.html]
[shtheme.net/demosd/cruise/wp-content/uploads/2016/06/holiday-slide2.jpg]
[shtheme.net/demosd/cruise/wp-content/uploads/2016/05/offer3.jpg]
[shtheme.net/demosd/cruise/indexa920.html]
[shtheme.net/demosd/cruise/wp-content/uploads/2016/05/offer2.jpg]
[shtheme.net/demosd/cruise/indexfdd8.html]
[shtheme.net/demosd/cruise/wp-content/uploads/2016/05/offer1.jpg]
[shtheme.net/demosd/cruise/wp-content/uploads/2016/05/tour6.jpg]
[shtheme.net/demosd/cruise/index9e1d.html]
[shtheme.net/demosd/cruise/wp-content/uploads/2016/05/tour5.jpg]
[shtheme.net/demosd/cruise/wp-content/uploads/2016/07/mastercard.png]
[shtheme.net/demosd/cruise/wp-content/uploads/2016/07/visa.png]
[shtheme.net/demosd/cruise/wp-content/uploads/2016/07/american-express.png]
[shtheme.net/demosd/cruise/wp-content/plugins/woocommerce/assets/js/jquery-blockui/jquery.blockUI.min44fd.js]
[shtheme.net/demosd/cruise/wp-content/plugins/woocommerce/assets/js/frontend/woocommerce.min.47d7ad.delayed]
[shtheme.net/demosd/cruise/index411e.html]
[shtheme.net/demosd/cruise/index0743.html]
[shtheme.net/demosd/cruise/wp-content/plugins/woocommerce/assets/js/jquery-cookie/jquery.cookie.min330a.js]
[shtheme.net/demosd/cruise/indexa442.html]
[shtheme.net/demosd/cruise/wp-content/plugins/woocommerce/assets/js/frontend/cart-fragments.mind7ad.js]
[shtheme.net/demosd/cruise/index487c.html]
[shtheme.net/demosd/cruise/wp-content/plugins/wp-hotel-booking/includes/plugins/wp-hotel-booking-extra/assets/js/siteb427.js]
[shtheme.net/demosd/cruise/indexfd26.html]
[shtheme.net/demosd/cruise/wp-content/plugins/wp-hotel-booking/assets/js/hotel-booking5010.js]
[shtheme.net/demosd/cruise/indexb60b.html]
[shtheme.net/demosd/cruise/index681d.html]
[shtheme.net/demosd/cruise/wp-content/themes/cruise/assets/js/respond5010.js]
[shtheme.net/demosd/cruise/indexbece.html]
[shtheme.net/demosd/cruise/wp-content/themes/cruise/assets/plugins/owl.carousel.min5010.js]
[shtheme.net/demosd/cruise/index52e7.html]
[shtheme.net/demosd/cruise/index2928.html]
[shtheme.net/demosd/cruise/wp-content/themes/cruise/assets/js/bootstrap.min5010.js]
[shtheme.net/demosd/cruise/index99dd.html]
[shtheme.net/demosd/cruise/wp-content/themes/cruise/assets/js/jquery-ui.min5010.js]
[shtheme.net/demosd/cruise/index97bb.html]
[shtheme.net/demosd/cruise/wp-content/themes/cruise/assets/js/bootstrap-select.min5010.js]
[shtheme.net/demosd/cruise/index0d2a.html]
[shtheme.net/demosd/cruise/index16e4.html]
[shtheme.net/demosd/cruise/wp-content/themes/cruise/assets/plugins/wow.min5010.js]
[shtheme.net/demosd/cruise/wp-content/themes/cruise/assets/plugins/jquery.flexslider-min5010.js]
[shtheme.net/demosd/cruise/indexa1ca.html]
[shtheme.net/demosd/cruise/index2dc4.html]
[shtheme.net/demosd/cruise/wp-content/themes/cruise/assets/plugins/supersized.3.1.3.min5010.js]
[shtheme.net/demosd/cruise/wp-content/themes/cruise/assets/js/js5010.js]
[shtheme.net/demosd/cruise/wp-content/themes/cruise/assets/js/slider5010.js]
[shtheme.net/demosd/cruise/index64b4.html]
[shtheme.net/demosd/cruise/wp-content/themes/cruise/assets/js/home15010.js]
[shtheme.net/demosd/cruise/indexd489.html]
[shtheme.net/demosd/cruise/wp-content/plugins/mega_main_menu/src/js/frontende7f3.js]
[shtheme.net/demosd/cruise/index14be.html]
[shtheme.net/demosd/cruise/wp-includes/js/wp-embed.min5010.js]
[shtheme.net/demosd/cruise/index730a.html]
[shtheme.net/demosd/cruise/indexf058.html]
[shtheme.net/demosd/cruise/wp-content/plugins/js_composer/assets/js/dist/js_composer_front.min2720.js]
[shtheme.net/demosd/cruise/index.html]
[shtheme.net/demosd/cruise/index267b.html]
[shtheme.net/demosd/cruise/index4553.html]
[shtheme.net/demosd/cruise/index6cf3.html]
[fonts.googleapis.com/index.html]
[shtheme.net/demosd/cruise/indexae74.html]
[shtheme.net/demosd/cruise/index1a26.html]
[s.w.org/index.html]
[shtheme.net/demosd/cruise/index60d6.html]
[fonts.googleapis.com/css8244.css]
[shtheme.net/demosd/cruise/index47f2.html]
[shtheme.net/demosd/cruise/index6ffe.html]
[shtheme.net/demosd/cruise/index7896.html]
[shtheme.net/demosd/cruise/indexb135.html]
[shtheme.net/demosd/cruise/index04cd.html]
[shtheme.net/demosd/cruise/index.5a8d81.delayed]
[shtheme.net/demosd/cruise/index6dee.html]
[shtheme.net/demosd/cruise/indexcc60.php]
[shtheme.net/demosd/cruise/index3a37.html]
[shtheme.net/demosd/cruise/index318d.html]
[shtheme.net/demosd/cruise/wp-content/uploads/2016/06/tour1-1.jpg]
[shtheme.net/demosd/cruise/wp-content/uploads/2016/06/tour3-1.jpg]
[shtheme.net/demosd/cruise/wp-content/uploads/2016/06/tour2-1.jpg]
[shtheme.net/demosd/cruise/wp-content/uploads/2016/06/tour7.jpg]
[shtheme.net/demosd/cruise/wp-content/uploads/2016/06/tour10.jpg]
[shtheme.net/demosd/cruise/wp-content/uploads/2016/06/tour5-1.jpg]
[shtheme.net/demosd/cruise/wp-content/themes/cruise/assets/js/home25010.js]
[shtheme.net/demosd/cruise/index14cc.html]
[shtheme.net/demosd/cruise/index8c8c.json]
[shtheme.net/demosd/cruise/indexf1df.php]
[shtheme.net/demosd/cruise/wp-content/themes/cruise/assets/images/holiday-slide3.jpg]
[shtheme.net/demosd/cruise/wp-content/themes/cruise/assets/images/hotel-slide.jpg]
[shtheme.net/demosd/cruise/indexcbbc.html]
[shtheme.net/demosd/cruise/index0481.json]
[shtheme.net/demosd/cruise/indexe625.php]
[shtheme.net/demosd/cruise/wp-content/themes/cruise/assets/images/tour2.jpg]
[shtheme.net/demosd/cruise/wp-content/themes/cruise/assets/images/tour1.jpg]
[shtheme.net/demosd/cruise/wp-content/themes/cruise/assets/images/tour3.jpg]
[shtheme.net/demosd/cruise/wp-content/themes/cruise/assets/images/car11.jpg]
[shtheme.net/demosd/cruise/wp-content/themes/cruise/assets/js/home45010.js]
[shtheme.net/demosd/cruise/index3bb3.html]
[shtheme.net/demosd/cruise/index1ceb.json]
[shtheme.net/demosd/cruise/index798a.html]
[shtheme.net/demosd/cruise/wp-content/themes/cruise/assets/js/home55010.js]
[shtheme.net/demosd/cruise/indexf0ff.json]
[shtheme.net/demosd/cruise/wp-content/uploads/2016/05/offer2-1.jpg]
[shtheme.net/demosd/cruise/wp-content/uploads/2016/05/offer1-1.jpg]
[shtheme.net/demosd/cruise/indexd9f6.html]
[shtheme.net/demosd/cruise/index4d64.html]
[shtheme.net/demosd/cruise/indexe735.html]
[shtheme.net/demosd/cruise/index3deb.html]
[shtheme.net/demosd/cruise/indexe71b.html]
[shtheme.net/demosd/cruise/index5981.json]
[shtheme.net/demosd/cruise/indexa4ca.php]
[shtheme.net/demosd/cruise/index6bac.html]
[shtheme.net/demosd/cruise/hotel-list.html]
[shtheme.net/demosd/cruise/index0405.html]
[shtheme.net/demosd/cruise/index9298.json]
[shtheme.net/demosd/cruise/index3fac.php]
[shtheme.net/demosd/cruise/wp-content/uploads/2018/11/hotel-slide-150x150.jpg]
[shtheme.net/demosd/cruise/wp-content/uploads/2018/11/hotel-slide-1000x667.jpg]
[shtheme.net/demosd/cruise/wp-content/uploads/2018/11/hotel-slide1-150x150.jpg]
[shtheme.net/demosd/cruise/wp-content/uploads/2018/11/hotel-slide1-1000x667.jpg]
[shtheme.net/demosd/cruise/wp-content/uploads/2018/11/hotel-slide2-150x150.jpg]
[shtheme.net/demosd/cruise/wp-content/uploads/2018/11/hotel-slide2-1000x667.jpg]
[shtheme.net/demosd/cruise/wp-content/uploads/2018/11/hotel-slide5-150x150.jpg]
[shtheme.net/demosd/cruise/wp-content/uploads/2018/11/hotel-slide5-1000x667.jpg]
[shtheme.net/demosd/cruise/wp-content/themes/cruise/assets/images/user1.jpg]
[2.gravatar.com/avatar/22491a9b9b358496066ba8ca58766ea6c50c.jpeg]
[shtheme.net/demosd/cruise/wp-content/themes/cruise/assets/images/offer1.jpg]
[shtheme.net/demosd/cruise/wp-content/themes/cruise/assets/images/offer2.jpg]
[shtheme.net/demosd/cruise/wp-content/themes/cruise/assets/images/offer3.jpg]
[shtheme.net/demosd/cruise/wp-includes/js/comment-reply.min5010.js]
[shtheme.net/demosd/cruise/indexa920.html]
[shtheme.net/demosd/cruise/indexfaa7.json]
[shtheme.net/demosd/cruise/index7a6c.php]
[shtheme.net/demosd/cruise/wp-content/themes/cruise/assets/images/airline/vistara-2x.png]
[shtheme.net/demosd/cruise/wp-content/themes/cruise/assets/images/airline/indigo-2x.png]
[shtheme.net/demosd/cruise/wp-content/themes/cruise/assets/images/airline/spicejet-2x.png]
[shtheme.net/demosd/cruise/wp-content/themes/cruise/assets/images/airline/jet-2x.png]
[shtheme.net/demosd/cruise/wp-content/uploads/2016/05/jet-2x.png]
[shtheme.net/demosd/cruise/wp-content/uploads/2016/05/spicejet-2x.png]
[shtheme.net/demosd/cruise/wp-content/uploads/2016/05/vistara-2x.png]
[shtheme.net/demosd/cruise/wp-content/uploads/2016/05/indigo-2x.png]
[shtheme.net/demosd/cruise/indexfdd8.html]
[shtheme.net/demosd/cruise/indexe4bc.html]
[shtheme.net/demosd/cruise/index9470.html]
[shtheme.net/demosd/cruise/index80b1.html]
[shtheme.net/demosd/cruise/indexf9f8.html]
[shtheme.net/demosd/cruise/indexffdc.html]
[shtheme.net/demosd/cruise/indexec74.json]
[shtheme.net/demosd/cruise/indexb7ed.php]
[shtheme.net/demosd/cruise/assets/images/airline/vistara-2x.png]
[shtheme.net/demosd/cruise/assets/images/airline/indigo-2x.png]
[shtheme.net/demosd/cruise/assets/images/airline/spicejet-2x.png]
[shtheme.net/demosd/cruise/assets/images/airline/jet-2x.png]
[shtheme.net/demosd/cruise/index9e1d.html]
[shtheme.net/demosd/cruise/index63ff.json]
[shtheme.net/demosd/cruise/index73e7.html]
[shtheme.net/demosd/cruise/indexcd85.php]
[shtheme.net/demosd/cruise/holidays-list.html]
[shtheme.net/demosd/cruise/index411e.html]
[shtheme.net/demosd/cruise/indexc813.html]
[shtheme.net/demosd/cruise/index711b.json]
[shtheme.net/demosd/cruise/index6460.html]
[shtheme.net/demosd/cruise/index2df2.php]
[shtheme.net/demosd/cruise/wp-content/themes/cruiseassets/images/tripadvisor.png]
[shtheme.net/demosd/cruise/index0743.html]
[shtheme.net/demosd/cruise/indexa442.html]
[shtheme.net/demosd/cruise/indexdd04.php]
[shtheme.net/demosd/cruise/index2abc.json]
[shtheme.net/demosd/cruise/index487c.html]
[shtheme.net/demosd/cruise/indexa081.php]
[shtheme.net/demosd/cruise/index45bd.json]
[shtheme.net/demosd/cruise/indexfd26.html]
[shtheme.net/demosd/cruise/index2ecb.php]
[shtheme.net/demosd/cruise/index25a9.json]
[shtheme.net/demosd/cruise/index3990.php]
[shtheme.net/demosd/cruise/wp-content/uploads/2016/05/slide15.jpg]
[shtheme.net/demosd/cruise/wp-content/uploads/2016/05/holiday-slide4.jpg]
[shtheme.net/demosd/cruise/wp-content/uploads/2016/05/slide15-1.jpg]
[shtheme.net/demosd/cruise/wp-content/uploads/2016/05/holiday-slide3-1.jpg]
[shtheme.net/demosd/cruise/wp-content/uploads/2016/05/holiday-slide4-1.jpg]
[shtheme.net/demosd/cruise/index681d.html]
[shtheme.net/demosd/cruise/indexbc08.html]
[shtheme.net/demosd/cruise/index6ec8.json]
[shtheme.net/demosd/cruise/index03ba.php]
[shtheme.net/demosd/cruise/wp-content/uploads/2016/05/car10-1.jpg]
[shtheme.net/demosd/cruise/wp-content/uploads/2016/05/car11-1.jpg]
[shtheme.net/demosd/cruise/wp-content/uploads/2016/05/car12.jpg]
[shtheme.net/demosd/cruise/wp-content/uploads/2016/05/car13.jpg]
[shtheme.net/demosd/cruise/wp-content/uploads/2016/05/car14.jpg]
[shtheme.net/demosd/cruise/wp-content/uploads/2016/05/car10.jpg]
[shtheme.net/demosd/cruise/wp-content/uploads/2016/05/car11.jpg]
[shtheme.net/demosd/cruise/indexb60b.html]
[shtheme.net/demosd/cruise/indexba18.html]
[shtheme.net/demosd/cruise/index979a.json]
[shtheme.net/demosd/cruise/index6a92.php]
[shtheme.net/demosd/cruise/index507e.html]
[shtheme.net/demosd/cruise/index7437.html]
[shtheme.net/demosd/cruise/car-list.bb.delayed]
[shtheme.net/demosd/cruise/indexbece.html]
[shtheme.net/demosd/cruise/indexb0a0.html]
[shtheme.net/demosd/cruise/index5a62.html]
[shtheme.net/demosd/cruise/index0369.html]
[shtheme.net/demosd/cruise/index9ddf.json]
[shtheme.net/demosd/cruise/indexb300.html]
[shtheme.net/demosd/cruise/indexbaf1.html]
[shtheme.net/demosd/cruise/indexc834.html]
[shtheme.net/demosd/cruise/index335d.php]
[shtheme.net/demosd/cruise/indexa06e.html]
[shtheme.net/demosd/cruise/wp-content/uploads/2016/05/car-slide1.jpg]
[shtheme.net/demosd/cruise/index5d5d.html]
[shtheme.net/demosd/cruise/wp-content/uploads/2016/05/car-gallery.jpg]
[shtheme.net/demosd/cruise/indexd9b7.html]
[shtheme.net/demosd/cruise/indexcbd7.html]
[shtheme.net/demosd/cruise/wp-content/uploads/2016/05/car-slide2.jpg]
[shtheme.net/demosd/cruise/wp-content/uploads/2016/05/car-gallery2.jpg]
[shtheme.net/demosd/cruise/wp-content/uploads/2016/05/car17.jpg]
[shtheme.net/demosd/cruise/wp-content/uploads/2016/05/car-gallery-1.jpg]
[shtheme.net/demosd/cruise/index52e7.html]
[shtheme.net/demosd/cruise/index336d.html]
[shtheme.net/demosd/cruise/indexa6c2.json]
[shtheme.net/demosd/cruise/index661e.php]
[shtheme.net/demosd/cruise/wp-content/uploads/2016/05/cruise1.jpg]
[shtheme.net/demosd/cruise/wp-content/uploads/2016/05/cruise2.jpg]
[shtheme.net/demosd/cruise/wp-content/uploads/2016/05/cruise3.jpg]
[shtheme.net/demosd/cruise/index2928.html]
[shtheme.net/demosd/cruise/indexba8f.html]
[shtheme.net/demosd/cruise/index600f.json]
[shtheme.net/demosd/cruise/index52ae.php]
[shtheme.net/demosd/cruise/index8ce9.html]
[shtheme.net/demosd/cruise/wp-content/uploads/2016/05/cruise.jpg]
[shtheme.net/demosd/cruise/index3e90.html]
[shtheme.net/demosd/cruise/wp-content/uploads/2016/05/cruise-slide.jpg]
[shtheme.net/demosd/cruise/index733a.html]
[shtheme.net/demosd/cruise/wp-content/uploads/2016/05/cruise-slide1.jpg]
[shtheme.net/demosd/cruise/wp-content/uploads/2016/05/cruise-1.jpg]
[shtheme.net/demosd/cruise/wp-content/uploads/2016/05/cruise-slide-1.jpg]
[shtheme.net/demosd/cruise/wp-content/uploads/2016/05/cruise-slide1-1.jpg]
[shtheme.net/demosd/cruise/index99dd.html]
[shtheme.net/demosd/cruise/index0458.html]
[shtheme.net/demosd/cruise/index7f01.json]
[shtheme.net/demosd/cruise/indexce58.php]
[shtheme.net/demosd/cruise/wp-content/uploads/2016/06/blog1.jpg]
[shtheme.net/demosd/cruise/wp-content/uploads/2016/06/blog2.jpg]
[shtheme.net/demosd/cruise/wp-content/uploads/2016/06/tour7-2.jpg]
[shtheme.net/demosd/cruise/index8af3.html]
[shtheme.net/demosd/cruise/wp-content/uploads/2016/05/blog2.jpg]
[shtheme.net/demosd/cruise/wp-content/uploads/bfi_thumb/blog1-37jhwgy3wt1n5mtshyr6kg.jpg]
[shtheme.net/demosd/cruise/wp-content/uploads/bfi_thumb/blog2-37jhwgy3wt1n5mtshyr6kg.jpg]
[shtheme.net/demosd/cruise/wp-content/uploads/bfi_thumb/tour7-2-37jhwgy3wt1n5mtshyr6kg.jpg]
[shtheme.net/demosd/cruise/index97bb.html]
[shtheme.net/demosd/cruise/index0d2a.html]
[shtheme.net/demosd/cruise/indexf242.json]
[shtheme.net/demosd/cruise/index7ad2.html]
[shtheme.net/demosd/cruise/index77bf.php]
[shtheme.net/demosd/cruise/index9d37.html]
[shtheme.net/demosd/cruise/wp-content/uploads/bfi_thumb/blog1-37jhwgy4jo43sg00du79xc.jpg]
[shtheme.net/demosd/cruise/index7ee5.html]
[shtheme.net/demosd/cruise/index327f.html]
[shtheme.net/demosd/cruise/wp-content/uploads/bfi_thumb/blog2-37jhwgy4jo43sg00du79xc.jpg]
[shtheme.net/demosd/cruise/index16e4.html]
[shtheme.net/demosd/cruise/index9e25.html]
[shtheme.net/demosd/cruise/indexa46c.html]
[shtheme.net/demosd/cruise/index6aa7.html]
[shtheme.net/demosd/cruise/index920f.json]
[shtheme.net/demosd/cruise/indexca2c.html]
[shtheme.net/demosd/cruise/index000f.html]
[shtheme.net/demosd/cruise/indexe7ad.php]
[shtheme.net/demosd/cruise/indexc8f9.html]
[2.gravatar.com/avatar/22491a9b9b358496066ba8ca58766ea68b05.jpeg]
[shtheme.net/demosd/cruise/index5420.html]
[shtheme.net/demosd/cruise/indexa1ca.html]
[shtheme.net/demosd/cruise/index878c.html]
[shtheme.net/demosd/cruise/index32f8.html]
[shtheme.net/demosd/cruise/indexff70.html]
[shtheme.net/demosd/cruise/indexaa1e.html]
[shtheme.net/demosd/cruise/index62f7.json]
[shtheme.net/demosd/cruise/index81ea.html]
[shtheme.net/demosd/cruise/indexb31a.html]
[shtheme.net/demosd/cruise/index2466.html]
[shtheme.net/demosd/cruise/index4f03.html]
[2.gravatar.com/avatar/22491a9b9b358496066ba8ca58766ea6abe7.jpeg]
[shtheme.net/demosd/cruise/index2dc4.html]
[shtheme.net/demosd/cruise/indexf24a.json]
[shtheme.net/demosd/cruise/index64b4.html]
[shtheme.net/demosd/cruise/index9898.html]
[shtheme.net/demosd/cruise/index0f91.php]
[shtheme.net/demosd/cruise/index99bd.php]
[shtheme.net/demosd/cruise/index9844.html]
[shtheme.net/demosd/cruise/indexdf7b.php]
[shtheme.net/demosd/cruise/wp-content/plugins/woocommerce/assets/js/frontend/address-i18n.mind7ad.js]
[shtheme.net/demosd/cruise/wp-content/plugins/woocommerce/assets/js/frontend/cart.mind7ad.js]
[shtheme.net/demosd/cruise/indexd489.html]
[shtheme.net/demosd/cruise/index4a1e.html]
[shtheme.net/demosd/cruise/index19a2.json]
[shtheme.net/demosd/cruise/index5cda.php]
[shtheme.net/demosd/cruise/wp-content/uploads/2018/11/bg-image4.jpg]
[2.gravatar.com/avatar/22491a9b9b358496066ba8ca58766ea68a63.jpeg]
[shtheme.net/demosd/cruise/wp-content/plugins/woocommerce/assets/js/prettyPhoto/jquery.prettyPhoto.min005e.js]
[shtheme.net/demosd/cruise/wp-content/plugins/woocommerce/assets/js/prettyPhoto/jquery.prettyPhoto.init.mind7ad.js]
[shtheme.net/demosd/cruise/index14be.html]
[shtheme.net/demosd/cruise/wp-content/plugins/woocommerce/assets/js/frontend/single-product.mind7ad.js]
[shtheme.net/demosd/cruise/indexc5a2.json]
[shtheme.net/demosd/cruise/index730a.html]
[shtheme.net/demosd/cruise/indexf7b0.php]
[shtheme.net/demosd/cruise/indexb69a.php]
[shtheme.net/demosd/cruise/wp-content/uploads/2016/07/hotel-slide5.jpg]
[shtheme.net/demosd/cruise/wp-content/uploads/2016/07/team.jpg]
[shtheme.net/demosd/cruise/wp-content/uploads/2016/07/team2.jpg]
[shtheme.net/demosd/cruise/wp-content/uploads/2016/07/team3.jpg]
[shtheme.net/demosd/cruise/wp-content/uploads/2016/07/3docean.png]
[shtheme.net/demosd/cruise/wp-content/uploads/2016/07/photodune.png]
[shtheme.net/demosd/cruise/wp-content/uploads/2016/07/themeforest.png]
[shtheme.net/demosd/cruise/indexf058.html]
[shtheme.net/demosd/cruise/wp-content/uploads/2016/07/graphicriver.png]
[shtheme.net/demosd/cruise/indexd033.json]
[shtheme.net/demosd/cruise/wp-content/uploads/2016/06/tour4.jpg]
[shtheme.net/demosd/cruise/wp-content/uploads/2016/06/tour3-2.jpg]
[shtheme.net/demosd/cruise/wp-content/uploads/2016/06/tour2-2.jpg]
[shtheme.net/demosd/cruise/wp-content/uploads/2016/06/tour8.jpg]
[shtheme.net/demosd/cruise/wp-content/uploads/2016/06/tour6.jpg]
[shtheme.net/demosd/cruise/wp-content/uploads/2016/06/tour5-2.jpg]
[shtheme.net/demosd/cruise/wp-content/themes/cruise/assets/js/gallery5010.js]
[shtheme.net/demosd/cruise/index267b.html]
[shtheme.net/demosd/cruise/indexa503.json]
[shtheme.net/demosd/cruise/indexa154.php]
[shtheme.net/demosd/cruise/index4553.html]
[shtheme.net/demosd/cruise/index6cf3.html]
[shtheme.net/demosd/cruise/indexae74.html]
[shtheme.net/demosd/cruise/index1a26.html]
[shtheme.net/demosd/cruise/indexe6d3.html]
[shtheme.net/demosd/cruise/index5597.php]
[shtheme.net/demosd/cruise/indexe883.json]
[shtheme.net/demosd/cruise/index7887.html]
[shtheme.net/demosd/cruise/index60d6.html]
[shtheme.net/demosd/cruise/index6de2.php]
[shtheme.net/demosd/cruise/index0419.json]
[shtheme.net/demosd/cruise/indexc5d2.html]
[shtheme.net/demosd/cruise/index47f2.html]
[shtheme.net/demosd/cruise/index6ffe.html]
[shtheme.net/demosd/cruise/index7896.html]
[shtheme.net/demosd/cruise/indexb135.html]
[shtheme.net/demosd/cruise/index04cd.html]
[shtheme.net/demosd/cruise/indexe551.php]
[shtheme.net/demosd/cruise/indexd47d.json]
[shtheme.net/demosd/cruise/index6dee.html]
[shtheme.net/demosd/cruise/indexbad4.php]
[shtheme.net/demosd/cruise/index3a37.html]
[shtheme.net/demosd/cruise/index96d4.php]
[shtheme.net/demosd/cruise/index318d.html]
[shtheme.net/demosd/cruise/indexd7d8.html]
[shtheme.net/demosd/cruise/index43b2.html]
[shtheme.net/demosd/cruise/indexd1a7.html]
[shtheme.net/demosd/cruise/index5791.html]
[shtheme.net/demosd/cruise/index648c.html]
[shtheme.net/demosd/cruise/indexb1fe.php]
[shtheme.net/demosd/cruise/indexd636.php]
[shtheme.net/demosd/cruise/index2020.json]
[shtheme.net/demosd/cruise/indexd9f6.html]
[shtheme.net/demosd/cruise/indexd375.php]
[shtheme.net/demosd/cruise/index11a9.json]
[shtheme.net/demosd/cruise/index4d64.html]
[shtheme.net/demosd/cruise/indexb77c.php]
[shtheme.net/demosd/cruise/index3deb.html]
[shtheme.net/demosd/cruise/index87b7.php]
[shtheme.net/demosd/cruise/indexe71b.html]
[shtheme.net/demosd/cruise/indexd530.php]
[shtheme.net/demosd/cruise/index5f36.json]
[shtheme.net/demosd/cruise/index6bac.html]
[shtheme.net/demosd/cruise/index55e4.html]
[shtheme.net/demosd/cruise/hotel-list.html]
[shtheme.net/demosd/cruise/index6c89.html]
[shtheme.net/demosd/cruise/index0dc6.html]
[shtheme.net/demosd/cruise/index49c3.php]
[shtheme.net/demosd/cruise/index460d.html]
[shtheme.net/demosd/cruise/index53cc.html]
[shtheme.net/demosd/cruise/index0123.json]
[shtheme.net/demosd/cruise/indexe4bc.html]
[shtheme.net/demosd/cruise/indexb9f8.php]
[shtheme.net/demosd/cruise/index9470.html]
[shtheme.net/demosd/cruise/indexaaff.php]
[shtheme.net/demosd/cruise/index80b1.html]
[shtheme.net/demosd/cruise/index88e9.php]
[shtheme.net/demosd/cruise/indexf9f8.html]
[shtheme.net/demosd/cruise/index0c94.php]
[shtheme.net/demosd/cruise/index69bb.json]
[shtheme.net/demosd/cruise/indexffdc.html]
[shtheme.net/demosd/cruise/index5f87.html]
[shtheme.net/demosd/cruise/index8bfb.php]
[shtheme.net/demosd/cruise/index6d0c.json]
[shtheme.net/demosd/cruise/index73e7.html]
[shtheme.net/demosd/cruise/index8ed7.html]
[shtheme.net/demosd/cruise/holidays-list.html]
[shtheme.net/demosd/cruise/indexaea8.php]
[shtheme.net/demosd/cruise/index64c7.json]
[shtheme.net/demosd/cruise/indexc813.html]
[shtheme.net/demosd/cruise/indexcfa8.php]
[shtheme.net/demosd/cruise/indexbd43.json]
[shtheme.net/demosd/cruise/index6460.html]
[shtheme.net/demosd/cruise/indexe2dc.html]
[shtheme.net/demosd/cruise/indexeffd.html]
[shtheme.net/demosd/cruise/index8e15.html]
[shtheme.net/demosd/cruise/index65d2.html]
[shtheme.net/demosd/cruise/index552f.html]
[shtheme.net/demosd/cruise/index5c36.html]
[shtheme.net/demosd/cruise/indexdd49.php]
[shtheme.net/demosd/cruise/index45ec.json]
[shtheme.net/demosd/cruise/index16e3.html]
[shtheme.net/demosd/cruise/index870e.php]
[shtheme.net/demosd/cruise/indexbc08.html]
[shtheme.net/demosd/cruise/index7bc4.php]
[shtheme.net/demosd/cruise/indexa520.php]
[shtheme.net/demosd/cruise/indexba18.html]
[shtheme.net/demosd/cruise/indexfa5c.json]
[shtheme.net/demosd/cruise/index0f11.php]
[shtheme.net/demosd/cruise/index507e.html]
[shtheme.net/demosd/cruise/indexdcc8.json]
[shtheme.net/demosd/cruise/index0e79.php]
[shtheme.net/demosd/cruise/index7437.html]
[shtheme.net/demosd/cruise/wp-content/uploads/2016/05/slide15-1-300x300.jpg]
[shtheme.net/demosd/cruise/index8943.php]
[shtheme.net/demosd/cruise/indexb0a0.html]
[shtheme.net/demosd/cruise/wp-content/uploads/2016/05/holiday-slide3-1-300x300.jpg]
[shtheme.net/demosd/cruise/indexc16b.php]
[shtheme.net/demosd/cruise/index0369.html]
[shtheme.net/demosd/cruise/index49b1.html]
[shtheme.net/demosd/cruise/wp-content/uploads/2016/05/holiday-slide4-1-300x300.jpg]
[shtheme.net/demosd/cruise/index7c45.json]
[shtheme.net/demosd/cruise/index5a62.html]
[shtheme.net/demosd/cruise/indexa7ca.php]
[shtheme.net/demosd/cruise/indexb300.html]
[shtheme.net/demosd/cruise/index70d0.php]
[shtheme.net/demosd/cruise/indexbd05.json]
[shtheme.net/demosd/cruise/indexbaf1.html]
[shtheme.net/demosd/cruise/indexf57e.php]
[shtheme.net/demosd/cruise/indexc834.html]
[shtheme.net/demosd/cruise/index381e.php]
[shtheme.net/demosd/cruise/index3e2f.json]
[shtheme.net/demosd/cruise/indexa06e.html]
[shtheme.net/demosd/cruise/index3553.php]
[shtheme.net/demosd/cruise/index4114.json]
[shtheme.net/demosd/cruise/index5d5d.html]
[shtheme.net/demosd/cruise/index2c9b.json]
[shtheme.net/demosd/cruise/indexd9b7.html]
[shtheme.net/demosd/cruise/indexf7fc.php]
[shtheme.net/demosd/cruise/indexcbd7.html]
[shtheme.net/demosd/cruise/indexfbd5.html]
[shtheme.net/demosd/cruise/car-list.html]
[shtheme.net/demosd/cruise/indexa0d9.html]
[shtheme.net/demosd/cruise/index3ba0.html]
[shtheme.net/demosd/cruise/index9bbe.php]
[shtheme.net/demosd/cruise/index2ee0.html]
[shtheme.net/demosd/cruise/indexea44.php]
[shtheme.net/demosd/cruise/index336d.html]
[shtheme.net/demosd/cruise/wp-content/uploads/2016/05/car-slide1-300x300.jpg]
[shtheme.net/demosd/cruise/indexa73f.php]
[shtheme.net/demosd/cruise/index2b5b.php]
[shtheme.net/demosd/cruise/indexba8f.html]
[shtheme.net/demosd/cruise/wp-content/uploads/2016/05/car-gallery-300x300.jpg]
[shtheme.net/demosd/cruise/index6b10.json]
[shtheme.net/demosd/cruise/index11b8.php]
[shtheme.net/demosd/cruise/index8ce9.html]
[shtheme.net/demosd/cruise/index2849.php]
[shtheme.net/demosd/cruise/index3e90.html]
[shtheme.net/demosd/cruise/indexa750.json]
[shtheme.net/demosd/cruise/index2335.php]
[shtheme.net/demosd/cruise/index733a.html]
[shtheme.net/demosd/cruise/wp-content/uploads/2016/05/car-gallery2-300x300.jpg]
[shtheme.net/demosd/cruise/index0f45.php]
[shtheme.net/demosd/cruise/index0458.html]
[shtheme.net/demosd/cruise/wp-content/uploads/2016/05/car17-300x300.jpg]
[shtheme.net/demosd/cruise/indexdc5a.json]
[shtheme.net/demosd/cruise/index0b6c.php]
[shtheme.net/demosd/cruise/index8af3.html]
[shtheme.net/demosd/cruise/wp-content/uploads/2016/05/car-gallery-1-300x300.jpg]
[shtheme.net/demosd/cruise/index8054.html]
[shtheme.net/demosd/cruise/index5a39.php]
[shtheme.net/demosd/cruise/index77f6.html]
[shtheme.net/demosd/cruise/index7ad2.html]
[shtheme.net/demosd/cruise/index0a58.php]
[shtheme.net/demosd/cruise/index9d37.html]
[shtheme.net/demosd/cruise/indexf3a2.php]
[shtheme.net/demosd/cruise/index7ee5.html]
[shtheme.net/demosd/cruise/index49f8.php]
[shtheme.net/demosd/cruise/index327f.html]
[shtheme.net/demosd/cruise/indexf0e0.html]
[shtheme.net/demosd/cruise/indexcb30.html]
[shtheme.net/demosd/cruise/indexe29b.php]
[shtheme.net/demosd/cruise/index1a86.json]
[shtheme.net/demosd/cruise/index6f8f.html]
[shtheme.net/demosd/cruise/indexcfd0.php]
[shtheme.net/demosd/cruise/index9e25.html]
[shtheme.net/demosd/cruise/wp-content/uploads/2016/05/cruise-300x300.jpg]
[shtheme.net/demosd/cruise/index0f94.json]
[shtheme.net/demosd/cruise/wp-content/uploads/2016/05/cruise-slide-300x300.jpg]
[shtheme.net/demosd/cruise/index6aa7.html]
[shtheme.net/demosd/cruise/index25fc.php]
[shtheme.net/demosd/cruise/index4e7f.php]
[shtheme.net/demosd/cruise/indexa46c.html]
[shtheme.net/demosd/cruise/wp-content/uploads/2016/05/cruise-slide1-300x300.jpg]
[shtheme.net/demosd/cruise/index379f.php]
[shtheme.net/demosd/cruise/index36ca.php]
[shtheme.net/demosd/cruise/indexca2c.html]
[shtheme.net/demosd/cruise/index0600.php]
[shtheme.net/demosd/cruise/indexd508.php]
[shtheme.net/demosd/cruise/index000f.html]
[shtheme.net/demosd/cruise/index5ccb.php]
[shtheme.net/demosd/cruise/indexc8f9.html]
[shtheme.net/demosd/cruise/index0345.html]
[shtheme.net/demosd/cruise/index359b.php]
[shtheme.net/demosd/cruise/indexff01.html]
[shtheme.net/demosd/cruise/index4d06.php]
[shtheme.net/demosd/cruise/index5420.html]
[shtheme.net/demosd/cruise/index684d.html]
[shtheme.net/demosd/cruise/indexae88.json]
[shtheme.net/demosd/cruise/index5cac.html]
[shtheme.net/demosd/cruise/index507a.php]
[shtheme.net/demosd/cruise/index878c.html]
[shtheme.net/demosd/cruise/index32f8.html]
[shtheme.net/demosd/cruise/indexff70.html]
[shtheme.net/demosd/cruise/indexaa1e.html]
[shtheme.net/demosd/cruise/index81ea.html]
[shtheme.net/demosd/cruise/indexb31a.html]
[shtheme.net/demosd/cruise/index2cf9.html]
[shtheme.net/demosd/cruise/indexcd64.html]
[shtheme.net/demosd/cruise/index7e31.html]
[shtheme.net/demosd/cruise/indexbbc0.html]
[shtheme.net/demosd/cruise/indexd2c9.php]
[shtheme.net/demosd/cruise/index9020.html]
[shtheme.net/demosd/cruise/index1104.html]
[shtheme.net/demosd/cruise/index5045.html]
[shtheme.net/demosd/cruise/wp-content/uploads/2018/11/backpack-02-600x600-300x300.jpg]
[shtheme.net/demosd/cruise/wp-content/uploads/2018/11/guide-05-400x400-300x300.jpg]
[shtheme.net/demosd/cruise/wp-content/uploads/2018/11/guide-04-400x400-300x300.jpg]
[shtheme.net/demosd/cruise/wp-content/uploads/2018/11/guide-03-400x400-300x300.jpg]
[shtheme.net/demosd/cruise/wp-content/uploads/2018/11/guide-02-400x400-300x300.jpg]
[shtheme.net/demosd/cruise/index1f80.html]
[shtheme.net/demosd/cruise/wp-content/uploads/2018/11/guide-01-400x400-300x300.jpg]
[shtheme.net/demosd/cruise/indexcd63.html]
[shtheme.net/demosd/cruise/wp-content/uploads/2018/11/book-03-400x400-300x300.jpg]
[shtheme.net/demosd/cruise/index3ea5.html]
[shtheme.net/demosd/cruise/index8f64.html]
[shtheme.net/demosd/cruise/wp-content/uploads/2018/11/book-02-400x400-300x300.jpg]
[shtheme.net/demosd/cruise/indexa55a.html]
[shtheme.net/demosd/cruise/wp-content/uploads/2018/11/book-01-600x600-300x300.jpg]
[shtheme.net/demosd/cruise/wp-content/uploads/2018/11/backpack-03-600x600-300x300.jpg]
[shtheme.net/demosd/cruise/index9844.html]
[shtheme.net/demosd/cruise/indexb247.html]
[shtheme.net/demosd/cruise/index56ff.html]
[shtheme.net/demosd/cruise/indexe0f6.html]
[shtheme.net/demosd/cruise/index7213.html]
[shtheme.net/demosd/cruise/indexc2ef.html]
[shtheme.net/demosd/cruise/indexd394.html]
[shtheme.net/demosd/cruise/indexd0b8.html]
[shtheme.net/demosd/cruise/indexa6a7.html]
[shtheme.net/demosd/cruise/index6543.html]
[shtheme.net/demosd/cruise/indexd46d.html]
[shtheme.net/demosd/cruise/indexb662.html]
[shtheme.net/demosd/cruise/index5a6a.html]
[shtheme.net/demosd/cruise/indexa05f.html]
[shtheme.net/demosd/cruise/index8fbc.html]
[shtheme.net/demosd/cruise/index261b.html]
[shtheme.net/demosd/cruise/index7ba1.html]
[shtheme.net/demosd/cruise/index398b.html]
[shtheme.net/demosd/cruise/indexb6a8.html]
[shtheme.net/demosd/cruise/index0380.html]
[shtheme.net/demosd/cruise/index094d.html]
[shtheme.net/demosd/cruise/indexec05.html]
[shtheme.net/demosd/cruise/index5010.html]
[shtheme.net/demosd/cruise/index4974.html]
[shtheme.net/demosd/cruise/index0721.html]
[shtheme.net/demosd/cruise/index3dd8.html]
[shtheme.net/demosd/cruise/index41ac.php]
[shtheme.net/demosd/cruise/indexcda3.php]
[shtheme.net/demosd/cruise/indexd00b.html]
[shtheme.net/demosd/cruise/index846b.php]
[shtheme.net/demosd/cruise/index1098.html]
[shtheme.net/demosd/cruise/indexae39.html]
[shtheme.net/demosd/cruise/index0036.php]
[shtheme.net/demosd/cruise/xmlrpc0db0.html]
[shtheme.net/demosd/cruise/indexd425.html]
[shtheme.net/demosd/cruise/index43fc.html]
[shtheme.net/demosd/cruise/index9110.html]
[shtheme.net/demosd/cruise/index40e6.html]
[shtheme.net/demosd/cruise/index3904.html]
[shtheme.net/demosd/cruise/indexba12.html]
[shtheme.net/demosd/cruise/index2325.html]
[shtheme.net/demosd/cruise/indexf7bb.html]
[shtheme.net/demosd/cruise/index3e03.html]
[shtheme.net/demosd/cruise/index8d11.php]
[shtheme.net/demosd/cruise/index2023.html]
[shtheme.net/demosd/cruise/index947f.html]
[shtheme.net/demosd/cruise/indexf8cb.html]
[shtheme.net/demosd/cruise/index6905.html]
[shtheme.net/demosd/cruise/index53cc.html]
[shtheme.net/demosd/cruise/index1a35.html]
[shtheme.net/demosd/cruise/index49e5.php]
[shtheme.net/demosd/cruise/indexc5eb.html]
[shtheme.net/demosd/cruise/indexdfe7.html]
[shtheme.net/demosd/cruise/index198a.html]
[shtheme.net/demosd/cruise/indexe7d3.html]
[shtheme.net/demosd/cruise/index78b2.html]
[shtheme.net/demosd/cruise/index84f5.php]
[shtheme.net/demosd/cruise/index3f5a.html]
[shtheme.net/demosd/cruise/index2ea5.html]
[shtheme.net/demosd/cruise/index05bb.html]
[shtheme.net/demosd/cruise/index07aa.php]
[shtheme.net/demosd/cruise/indexa314.html]
[shtheme.net/demosd/cruise/indexb6ad.html]
[shtheme.net/demosd/cruise/indexf3ea.html]
[shtheme.net/demosd/cruise/index5401.html]
[shtheme.net/demosd/cruise/index19d7.html]
[shtheme.net/demosd/cruise/indexee8b.php]
[shtheme.net/demosd/cruise/indexe6f0.html]
[shtheme.net/demosd/cruise/indexc276.html]
[shtheme.net/demosd/cruise/indexcc25.html]
[shtheme.net/demosd/cruise/indexe9b4.html]
[shtheme.net/demosd/cruise/index8e49.html]
[shtheme.net/demosd/cruise/index8715.html]
[shtheme.net/demosd/cruise/index9787.html]
[shtheme.net/demosd/cruise/index1c31.html]
[shtheme.net/demosd/cruise/index16e3.html]
[shtheme.net/demosd/cruise/index8ddc.html]
[shtheme.net/demosd/cruise/index52be.html]
[shtheme.net/demosd/cruise/indexedce.html]
[shtheme.net/demosd/cruise/index519d.html]
[shtheme.net/demosd/cruise/indexf4d4.php]
[shtheme.net/demosd/cruise/indexbe3a.html]
[shtheme.net/demosd/cruise/indexbdc5.html]
[shtheme.net/demosd/cruise/index4741.html]
[shtheme.net/demosd/cruise/index88c3.html]
[shtheme.net/demosd/cruise/indexbbbb.html]
[shtheme.net/demosd/cruise/indexf758.html]
[shtheme.net/demosd/cruise/index1557.html]
[shtheme.net/demosd/cruise/index6ae1.html]
[shtheme.net/demosd/cruise/index9a16.html]
[shtheme.net/demosd/cruise/index5442.html]
[shtheme.net/demosd/cruise/indexfe2d.html]
[shtheme.net/demosd/cruise/indexc90e.html]
[shtheme.net/demosd/cruise/index7bb8.php]
[shtheme.net/demosd/cruise/index553f.html]
[shtheme.net/demosd/cruise/index6205.html]
[shtheme.net/demosd/cruise/index666f.html]
[shtheme.net/demosd/cruise/indexb93f.html]
[shtheme.net/demosd/cruise/indexef5f.html]
[shtheme.net/demosd/cruise/indexc8f1.php]
[shtheme.net/demosd/cruise/index36e3.html]
[shtheme.net/demosd/cruise/index0d0b.html]
[shtheme.net/demosd/cruise/index13cb.html]
[shtheme.net/demosd/cruise/indexee11.html]
[shtheme.net/demosd/cruise/index5c90.html]
[shtheme.net/demosd/cruise/indexda43.html]
[shtheme.net/demosd/cruise/index92bd.php]
[shtheme.net/demosd/cruise/index1e7e.html]
[shtheme.net/demosd/cruise/index927c.html]
[shtheme.net/demosd/cruise/indexd4c3.html]
[shtheme.net/demosd/cruise/indexf7b6.html]
[shtheme.net/demosd/cruise/index6c46.html]
[shtheme.net/demosd/cruise/index2745.html]
[shtheme.net/demosd/cruise/index5afd.html]
[shtheme.net/demosd/cruise/index5643.html]
[shtheme.net/demosd/cruise/index0588.html]
[shtheme.net/demosd/cruise/indexf84a.php]
[shtheme.net/demosd/cruise/index7203.html]
[shtheme.net/demosd/cruise/index3c55.html]
[shtheme.net/demosd/cruise/index8956.html]
[shtheme.net/demosd/cruise/index88b9.html]
[shtheme.net/demosd/cruise/index2ee0.html]
[shtheme.net/demosd/cruise/index00c0.html]
[shtheme.net/demosd/cruise/indexa857.php]
[shtheme.net/demosd/cruise/indexe61f.html]
[shtheme.net/demosd/cruise/indexe982.html]
[shtheme.net/demosd/cruise/index9536.html]
[shtheme.net/demosd/cruise/index139b.html]
[shtheme.net/demosd/cruise/index6847.php]
[shtheme.net/demosd/cruise/indexdf01.html]
[shtheme.net/demosd/cruise/index5e99.html]
[shtheme.net/demosd/cruise/indexb284.html]
[shtheme.net/demosd/cruise/index12ca.html]
[shtheme.net/demosd/cruise/index6c6e.html]
[shtheme.net/demosd/cruise/indexffce.html]
[shtheme.net/demosd/cruise/indexd778.html]
[shtheme.net/demosd/cruise/index07e8.php]
[shtheme.net/demosd/cruise/indexe0b1.html]
[shtheme.net/demosd/cruise/index763b.html]
[shtheme.net/demosd/cruise/index4fd2.html]
[shtheme.net/demosd/cruise/index7aea.html]
[shtheme.net/demosd/cruise/index12fb.html]
[shtheme.net/demosd/cruise/index42fe.html]
[shtheme.net/demosd/cruise/index7abf.php]
[shtheme.net/demosd/cruise/index49ac.html]
[shtheme.net/demosd/cruise/index1896.html]
[shtheme.net/demosd/cruise/index3394.json]
[shtheme.net/demosd/cruise/indexc90d.php]
[shtheme.net/demosd/cruise/index77f6.html]
[shtheme.net/demosd/cruise/index99b5.html]
[shtheme.net/demosd/cruise/index8cf7.html]
[shtheme.net/demosd/cruise/index578d.html]
[shtheme.net/demosd/cruise/index6aed.html]
[shtheme.net/demosd/cruise/indexa3ed.html]
[shtheme.net/demosd/cruise/indexe646.html]
[shtheme.net/demosd/cruise/index0012.html]
[shtheme.net/demosd/cruise/index07e1.html]
[shtheme.net/demosd/cruise/index103a.html]
[shtheme.net/demosd/cruise/index55fd.php]
[shtheme.net/demosd/cruise/indexd7cf.html]
[shtheme.net/demosd/cruise/index94b0.html]
[shtheme.net/demosd/cruise/index6f8f.html]
[shtheme.net/demosd/cruise/index074f.html]
[shtheme.net/demosd/cruise/index9e0f.html]
[shtheme.net/demosd/cruise/index6e0b.html]
[shtheme.net/demosd/cruise/indexa325.html]
[shtheme.net/demosd/cruise/indexb0a8.php]
[shtheme.net/demosd/cruise/indexc31c.html]
[shtheme.net/demosd/cruise/indexd083.php]
[shtheme.net/demosd/cruise/indexce96.html]
[shtheme.net/demosd/cruise/index20a4.html]
[shtheme.net/demosd/cruise/indexb801.html]
[shtheme.net/demosd/cruise/index2fc9.html]
[shtheme.net/demosd/cruise/index06d3.html]
[shtheme.net/demosd/cruise/index2d88.html]
[shtheme.net/demosd/cruise/index33a3.html]
[shtheme.net/demosd/cruise/index6353.html]
[shtheme.net/demosd/cruise/index42cb.html]
[shtheme.net/demosd/cruise/indexe918.html]
[shtheme.net/demosd/cruise/index9e38.html]
[shtheme.net/demosd/cruise/index1469.html]
[shtheme.net/demosd/cruise/index6ff9.html]
[shtheme.net/demosd/cruise/index3b0f.html]
[shtheme.net/demosd/cruise/index3aa5.php]
[shtheme.net/demosd/cruise/index6638.html]
[shtheme.net/demosd/cruise/indexadb1.json]
[shtheme.net/demosd/cruise/index66d2.php]
[shtheme.net/demosd/cruise/indexff01.html]
[shtheme.net/demosd/cruise/indexde31.json]
[shtheme.net/demosd/cruise/indexdaf0.php]
[shtheme.net/demosd/cruise/index684d.html]
[shtheme.net/demosd/cruise/index8fbb.html]
[shtheme.net/demosd/cruise/index250e.html]
[shtheme.net/demosd/cruise/indexcf64.json]
[shtheme.net/demosd/cruise/indexc785.html]
[shtheme.net/demosd/cruise/index0a4b.php]
[shtheme.net/demosd/cruise/index5cac.html]
[shtheme.net/demosd/cruise/index6150.html]
[shtheme.net/demosd/cruise/index6184.json]
[shtheme.net/demosd/cruise/indexcd63.html]
[shtheme.net/demosd/cruise/index3ea5.html]
[shtheme.net/demosd/cruise/indexafd5.php]
[shtheme.net/demosd/cruise/index5750.json]
[shtheme.net/demosd/cruise/indexc058.html]
[shtheme.net/demosd/cruise/index236b.php]
[shtheme.net/demosd/cruise/wp-content/uploads/2018/11/guide-05-400x400.jpg]
[shtheme.net/demosd/cruise/index8f64.html]
[shtheme.net/demosd/cruise/indexa55a.html]
[shtheme.net/demosd/cruise/indexee4a.html]
[shtheme.net/demosd/cruise/index71c5.json]
[shtheme.net/demosd/cruise/index328d.php]
[shtheme.net/demosd/cruise/wp-content/uploads/2018/11/guide-04-400x400.jpg]
[shtheme.net/demosd/cruise/index56ff.html]
[shtheme.net/demosd/cruise/index7213.html]
[shtheme.net/demosd/cruise/index07ad.json]
[shtheme.net/demosd/cruise/index7eec.html]
[shtheme.net/demosd/cruise/indexfc0e.php]
[shtheme.net/demosd/cruise/wp-content/uploads/2018/11/guide-03-400x400.jpg]
[shtheme.net/demosd/cruise/indexd394.html]
[shtheme.net/demosd/cruise/indexa6a7.html]
[shtheme.net/demosd/cruise/index3d24.json]
[shtheme.net/demosd/cruise/index4a3b.html]
[shtheme.net/demosd/cruise/index148b.php]
[shtheme.net/demosd/cruise/indexd46d.html]
[shtheme.net/demosd/cruise/indexb662.html]
[shtheme.net/demosd/cruise/wp-content/uploads/2018/11/guide-02-400x400.jpg]
[shtheme.net/demosd/cruise/indexca24.html]
[shtheme.net/demosd/cruise/index4f35.php]
[shtheme.net/demosd/cruise/indexa05f.html]
[shtheme.net/demosd/cruise/index8fbc.html]
[shtheme.net/demosd/cruise/index7ba1.html]
[shtheme.net/demosd/cruise/index398b.html]
[shtheme.net/demosd/cruise/wp-content/uploads/2018/11/guide-01-400x400.jpg]
[shtheme.net/demosd/cruise/index0380.html]
[shtheme.net/demosd/cruise/index6a58.html]
[shtheme.net/demosd/cruise/indexec05.html]
[shtheme.net/demosd/cruise/index4e34.html]
[shtheme.net/demosd/cruise/indexc969.html]
[shtheme.net/demosd/cruise/wp-content/uploads/2018/11/backpack-01-400x400-300x300.jpg]
[shtheme.net/demosd/cruise/index4974.html]
[shtheme.net/demosd/cruise/index7d3e.html]
[shtheme.net/demosd/cruise/index3dd8.html]
[shtheme.net/demosd/cruise/index7a74.html]
[shtheme.net/demosd/cruise/indexae39.html]
[shtheme.net/demosd/cruise/indexf9ca.html]
[shtheme.net/demosd/cruise/index89d0.html]
[shtheme.net/demosd/cruise/indexd210.php]
[shtheme.net/demosd/cruise/index3016.html]
[shtheme.net/demosd/cruise/index05fc.php]
[shtheme.net/demosd/cruise/indexba12.html]
[shtheme.net/demosd/cruise/index3e03.html]
[shtheme.net/demosd/cruise/index947f.html]
[shtheme.net/demosd/cruise/indexe7d3.html]
[shtheme.net/demosd/cruise/indexcf67.html]
[shtheme.net/demosd/cruise/index2ea5.html]
[shtheme.net/demosd/cruise/indexa314.html]
[shtheme.net/demosd/cruise/indexcc25.html]
[shtheme.net/demosd/cruise/index8715.html]
[shtheme.net/demosd/cruise/index1c31.html]
[shtheme.net/demosd/cruise/index52be.html]
[shtheme.net/demosd/cruise/indexbe3a.html]
[shtheme.net/demosd/cruise/indexf758.html]
[shtheme.net/demosd/cruise/index9a16.html]
[shtheme.net/demosd/cruise/indexf1f8.html]
[shtheme.net/demosd/cruise/indexfe2d.html]
[shtheme.net/demosd/cruise/index7c18.html]
[shtheme.net/demosd/cruise/indexe1cd.html]
[shtheme.net/demosd/cruise/index553f.html]
[shtheme.net/demosd/cruise/indexd042.html]
[shtheme.net/demosd/cruise/index36e3.html]
[shtheme.net/demosd/cruise/index9298.html]
[shtheme.net/demosd/cruise/indexee11.html]
[shtheme.net/demosd/cruise/index927c.html]
[shtheme.net/demosd/cruise/index12a9.html]
[shtheme.net/demosd/cruise/indexf7b6.html]
[shtheme.net/demosd/cruise/index0e18.php]
[shtheme.net/demosd/cruise/index5afd.html]
[shtheme.net/demosd/cruise/index7203.html]
[shtheme.net/demosd/cruise/indexe61f.html]
[shtheme.net/demosd/cruise/index44cc.html]
[shtheme.net/demosd/cruise/index139b.html]
[shtheme.net/demosd/cruise/index44a2.html]
[shtheme.net/demosd/cruise/index164d.html]
[shtheme.net/demosd/cruise/indexffce.html]
[shtheme.net/demosd/cruise/index4c32.html]
[shtheme.net/demosd/cruise/index9212.html]
[shtheme.net/demosd/cruise/index7aea.html]
[shtheme.net/demosd/cruise/index2e7c.html]
[shtheme.net/demosd/cruise/index49ac.html]
[shtheme.net/demosd/cruise/indexdfb0.html]
[shtheme.net/demosd/cruise/index1896.html]
[shtheme.net/demosd/cruise/index763a.html]
[shtheme.net/demosd/cruise/indexf5e1.html]
[shtheme.net/demosd/cruise/index69a1.html]
[shtheme.net/demosd/cruise/indexc79d.html]
[shtheme.net/demosd/cruise/index07e1.html]
[shtheme.net/demosd/cruise/indexe646.html]
[shtheme.net/demosd/cruise/index3913.php]
[shtheme.net/demosd/cruise/indexd7cf.html]
[shtheme.net/demosd/cruise/indexa325.html]
[shtheme.net/demosd/cruise/indexc7c6.html]
[shtheme.net/demosd/cruise/index2fc9.html]
[shtheme.net/demosd/cruise/indexbbb3.html]
[shtheme.net/demosd/cruise/index33a3.html]
[shtheme.net/demosd/cruise/indexc718.html]
[shtheme.net/demosd/cruise/indexe918.html]
[shtheme.net/demosd/cruise/indexff2a.html]
[shtheme.net/demosd/cruise/index6ff9.html]
[shtheme.net/demosd/cruise/indexf8c4.html]
[shtheme.net/demosd/cruise/index3b0f.html]
[shtheme.net/demosd/cruise/index4e1d.html]
[shtheme.net/demosd/cruise/index6638.html]
[shtheme.net/demosd/cruise/index9251.html]
[shtheme.net/demosd/cruise/index7640.html]
[shtheme.net/demosd/cruise/index2206.html]
[shtheme.net/demosd/cruise/index83f0.html]
[shtheme.net/demosd/cruise/index32ae.html]
[shtheme.net/demosd/cruise/index8fec.html]
[shtheme.net/demosd/cruise/indexc785.html]
[shtheme.net/demosd/cruise/index8e64.html]
[shtheme.net/demosd/cruise/index857d.html]
[shtheme.net/demosd/cruise/index17f1.html]
[shtheme.net/demosd/cruise/wp-login.html]
[shtheme.net/demosd/cruise/index253a.html]
[shtheme.net/demosd/cruise/index21c5.html]
[shtheme.net/demosd/cruise/index0364.html]
[shtheme.net/demosd/cruise/indexc058.html]
[shtheme.net/demosd/cruise/index08ff.html]
[shtheme.net/demosd/cruise/index46c7.html]
[shtheme.net/demosd/cruise/index8f99.html]
[shtheme.net/demosd/cruise/indexe4db.html]
[shtheme.net/demosd/cruise/indexee4a.html]
[shtheme.net/demosd/cruise/indexbd34.html]
[shtheme.net/demosd/cruise/indexb4fb.html]
[shtheme.net/demosd/cruise/index5d9d.html]
[shtheme.net/demosd/cruise/index4c85.html]
[shtheme.net/demosd/cruise/index7eec.html]
[shtheme.net/demosd/cruise/index75db.html]
[shtheme.net/demosd/cruise/indexb275.html]
[shtheme.net/demosd/cruise/index4d32.html]
[shtheme.net/demosd/cruise/indexf5a4.html]
[shtheme.net/demosd/cruise/index4a3b.html]
[shtheme.net/demosd/cruise/index5e3f.html]
[shtheme.net/demosd/cruise/index1074.html]
[shtheme.net/demosd/cruise/index8782.html]
[shtheme.net/demosd/cruise/index57e7.html]
[shtheme.net/demosd/cruise/indexca24.html]
[shtheme.net/demosd/cruise/indexfb9f.html]
[shtheme.net/demosd/cruise/index48e5.html]
[shtheme.net/demosd/cruise/indexeee9.html]
[shtheme.net/demosd/cruise/indexca25.html]
[shtheme.net/demosd/cruise/indexbd90.php]
[shtheme.net/demosd/cruise/index6a58.html]
[shtheme.net/demosd/cruise/index9ad1.html]
[shtheme.net/demosd/cruise/index4e34.html]
[shtheme.net/demosd/cruise/indexd3d2.html]
[shtheme.net/demosd/cruise/index7d3e.html]
[shtheme.net/demosd/cruise/index14c8.html]
[shtheme.net/demosd/cruise/indexc969.html]
[shtheme.net/demosd/cruise/indexb1ca.html]
[shtheme.net/demosd/cruise/index7a74.html]
[shtheme.net/demosd/cruise/indexe924.html]
[shtheme.net/demosd/cruise/indexf9ca.html]
[shtheme.net/demosd/cruise/index3308.html]
[shtheme.net/demosd/cruise/indexf1f8.html]
[shtheme.net/demosd/cruise/index6812.html]
[shtheme.net/demosd/cruise/index7c18.html]
[shtheme.net/demosd/cruise/indexd042.html]
[shtheme.net/demosd/cruise/index9298.html]
[shtheme.net/demosd/cruise/index44a2.html]
[shtheme.net/demosd/cruise/index4c32.html]
[shtheme.net/demosd/cruise/index2e7c.html]
[shtheme.net/demosd/cruise/indexdfb0.html]
[shtheme.net/demosd/cruise/index763a.html]
[shtheme.net/demosd/cruise/index69a1.html]
[shtheme.net/demosd/cruise/indexbbb3.html]
[shtheme.net/demosd/cruise/indexc718.html]
[shtheme.net/demosd/cruise/indexff2a.html]
[shtheme.net/demosd/cruise/indexe0ef.html]
[shtheme.net/demosd/cruise/indexf8c4.html]
[shtheme.net/demosd/cruise/index4e1d.html]
[shtheme.net/demosd/cruise/index7640.html]
[shtheme.net/demosd/cruise/index32ae.html]
[shtheme.net/demosd/cruise/index857d.html]
[shtheme.net/demosd/cruise/index21c5.html]
[shtheme.net/demosd/cruise/index08ff.html]
[shtheme.net/demosd/cruise/index8f99.html]
[shtheme.net/demosd/cruise/indexbd34.html]
[shtheme.net/demosd/cruise/index5d9d.html]
[shtheme.net/demosd/cruise/index75db.html]
[shtheme.net/demosd/cruise/index4d32.html]
[shtheme.net/demosd/cruise/index5e3f.html]
[shtheme.net/demosd/cruise/index8782.html]
[shtheme.net/demosd/cruise/indexfb9f.html]
[shtheme.net/demosd/cruise/indexeee9.html]
[shtheme.net/demosd/cruise/index9ad1.html]
[shtheme.net/demosd/cruise/indexd3d2.html]
[shtheme.net/demosd/cruise/index14c8.html]
[shtheme.net/demosd/cruise/indexb1ca.html]
[shtheme.net/demosd/cruise/indexe924.html]
[shtheme.net/demosd/cruise/index3308.html]
[shtheme.net/demosd/cruise/index6812.html]
[shtheme.net/demosd/cruise/indexe0ef.html]
[shtheme.net/demosd/cruise/index3a3d.html]
[shtheme.net/demosd/cruise/index3a3d.html]
[shtheme.net/demosd/cruise/index9ba4.html]
[shtheme.net/demosd/cruise/index9ba4.html]
[shtheme.net/demosd/cruise/indexf971.html]
[shtheme.net/demosd/cruise/indexf971.html]
[shtheme.net/demosd/cruise/wp-content/themes/cruise/img/my-portfolio.html]
[shtheme.net/demosd/cruise/indexa6da.html]
[shtheme.net/demosd/cruise/indexd784.html]
[shtheme.net/demosd/cruise/wp-content/plugins/woocommerce/assets/css/woocommerce-smallscreend7ad.css]
[shtheme.net/demosd/cruise/wp-content/plugins/woocommerce/assets/fonts/star.eot]
[shtheme.net/demosd/cruise/wp-content/plugins/woocommerce/assets/fonts/star.woff]
[shtheme.net/demosd/cruise/wp-content/plugins/woocommerce/assets/fonts/star.ttf]
[shtheme.net/demosd/cruise/index52f0.json]
[shtheme.net/demosd/cruise/indexab52.json]
[shtheme.net/demosd/cruise/index9f13.php]
[shtheme.net/demosd/cruise/wp-content/plugins/woocommerce/assets/fonts/WooCommerced41d.eot]
[shtheme.net/demosd/cruise/wp-content/plugins/woocommerce/assets/fonts/WooCommerce.woff]
[shtheme.net/demosd/cruise/wp-content/plugins/woocommerce/assets/fonts/WooCommerce.ttf]
[shtheme.net/demosd/cruise/wp-content/plugins/woocommerce/assets/css/woocommerced7ad.css]
[shtheme.net/demosd/cruise/indexcc60.php]
[shtheme.net/demosd/cruise/index8d81.json]
[shtheme.net/demosd/cruise/wp-content/plugins/wp-hotel-booking/includes/plugins/wp-hotel-booking-extra/assets/css/siteb427.css]
[shtheme.net/demosd/cruise/wp-content/plugins/wp-hotel-booking/assets/images/prev.png]
[shtheme.net/demosd/cruise/wp-content/plugins/wp-hotel-booking/assets/images/next.png]
[shtheme.net/demosd/cruise/wp-content/plugins/wp-hotel-booking/assets/css/hotel-booking5010.css]
[shtheme.net/demosd/cruise/index8c8c.json]
[shtheme.net/demosd/cruise/wp-content/plugins/wp-hotel-booking/assets/fonts/fontawesome-webfont93e3.eot]
[shtheme.net/demosd/cruise/indexf1df.php]
[shtheme.net/demosd/cruise/wp-content/plugins/wp-hotel-booking/assets/fonts/fontawesome-webfontd41d.eot]
[shtheme.net/demosd/cruise/index0481.json]
[shtheme.net/demosd/cruise/wp-content/plugins/wp-hotel-booking/assets/fonts/fontawesome-webfont93e3.woff2]
[shtheme.net/demosd/cruise/indexe625.php]
[shtheme.net/demosd/cruise/wp-content/plugins/wp-hotel-booking/assets/fonts/fontawesome-webfont93e3.woff]
[shtheme.net/demosd/cruise/wp-content/plugins/wp-hotel-booking/assets/fonts/fontawesome-webfont93e3.ttf]
[shtheme.net/demosd/cruise/wp-content/plugins/wp-hotel-booking/assets/images/ui-bg_flat_75_ffffff_40x100.1da.delayed]
[shtheme.net/demosd/cruise/wp-content/plugins/wp-hotel-booking/assets/images/ui-bg_highlight-soft_75_cccccc_1x100.png]
[shtheme.net/demosd/cruise/wp-content/plugins/wp-hotel-booking/assets/images/ui-bg_glass_75_e6e6e6_1x400.png]
[shtheme.net/demosd/cruise/wp-content/plugins/wp-hotel-booking/assets/images/ui-bg_glass_75_dadada_1x400.png]
[shtheme.net/demosd/cruise/indexf0ff.json]
[shtheme.net/demosd/cruise/index5981.json]
[shtheme.net/demosd/cruise/indexa4ca.php]
[shtheme.net/demosd/cruise/index3fac.php]
[shtheme.net/demosd/cruise/index9298.json]
[2.gravatar.com/avatar/22491a9b9b358496066ba8ca58766ea6c50c.jpeg]
[shtheme.net/demosd/cruise/wp-content/plugins/wp-hotel-booking/assets/images/ui-bg_glass_55_fbf9ee_1x400.png]
[shtheme.net/demosd/cruise/wp-content/plugins/wp-hotel-booking/assets/images/ui-bg_glass_95_fef1ec_1x400.png]
[shtheme.net/demosd/cruise/wp-content/plugins/wp-hotel-booking/assets/images/ui-icons_454545_256x240.png]
[shtheme.net/demosd/cruise/wp-content/plugins/wp-hotel-booking/assets/images/ui-bg_flat_0_aaaaaa_40x100.png]
[shtheme.net/demosd/cruise/indexfaa7.json]
[shtheme.net/demosd/cruise/index7a6c.php]
[shtheme.net/demosd/cruise/indexec74.json]
[shtheme.net/demosd/cruise/indexb7ed.php]
[shtheme.net/demosd/cruise/wp-content/plugins/wp-hotel-booking/assets/fonts/hotel-booking-stard41d.eot]
[shtheme.net/demosd/cruise/wp-content/plugins/wp-hotel-booking/assets/fonts/hotel-booking-star7622.ttf]
[shtheme.net/demosd/cruise/wp-content/plugins/wp-hotel-booking/assets/fonts/hotel-booking-star7622.woff]
[shtheme.net/demosd/cruise/index711b.json]
[shtheme.net/demosd/cruise/index2df2.php]
[shtheme.net/demosd/cruise/wp-content/plugins/wp-hotel-booking/assets/images/blank.gif]
[shtheme.net/demosd/cruise/indexdd04.php]
[shtheme.net/demosd/cruise/index2abc.json]
[shtheme.net/demosd/cruise/wp-content/plugins/wp-hotel-booking/assets/images/camera-loader.gif]
[shtheme.net/demosd/cruise/indexa081.php]
[shtheme.net/demosd/cruise/index45bd.json]
[shtheme.net/demosd/cruise/wp-content/plugins/wp-hotel-booking/assets/images/camera_skins.png]
[shtheme.net/demosd/cruise/index3990.php]
[shtheme.net/demosd/cruise/index2ecb.php]
[shtheme.net/demosd/cruise/wp-content/plugins/wp-hotel-booking/assets/images/patterns/overlay1.png]
[shtheme.net/demosd/cruise/wp-content/plugins/wp-hotel-booking/assets/images/patterns/overlay2.png]
[shtheme.net/demosd/cruise/wp-content/plugins/wp-hotel-booking/assets/images/patterns/overlay3.png]
[shtheme.net/demosd/cruise/index03ba.php]
[shtheme.net/demosd/cruise/index6ec8.json]
[shtheme.net/demosd/cruise/wp-content/plugins/wp-hotel-booking/assets/images/patterns/overlay4.png]
[shtheme.net/demosd/cruise/wp-content/plugins/wp-hotel-booking/assets/images/patterns/overlay5.png]
[shtheme.net/demosd/cruise/index979a.json]
[shtheme.net/demosd/cruise/index9ddf.json]
[shtheme.net/demosd/cruise/index6a92.php]
[shtheme.net/demosd/cruise/indexa6c2.json]
[shtheme.net/demosd/cruise/index661e.php]
[shtheme.net/demosd/cruise/index52ae.php]
[shtheme.net/demosd/cruise/index600f.json]
[shtheme.net/demosd/cruise/wp-content/plugins/wp-hotel-booking/assets/images/patterns/overlay8.png]
[shtheme.net/demosd/cruise/wp-content/plugins/wp-hotel-booking/assets/images/patterns/overlay9.png]
[shtheme.net/demosd/cruise/wp-content/plugins/wp-hotel-booking/assets/images/patterns/overlay10.png]
[shtheme.net/demosd/cruise/wp-content/plugins/wp-hotel-booking/assets/css/grabbing.png]
[shtheme.net/demosd/cruise/index7f01.json]
[shtheme.net/demosd/cruise/indexce58.php]
[shtheme.net/demosd/cruise/wp-content/plugins/wp-hotel-booking/assets/css/AjaxLoader.gif]
[shtheme.net/demosd/cruise/wp-content/plugins/wp-hotel-booking/assets/css/libraries5010.css]
[shtheme.net/demosd/cruise/wp-content/themes/cruise/assets/css/animate.min5010.css]
[shtheme.net/demosd/cruise/index77bf.php]
[shtheme.net/demosd/cruise/indexf242.json]
[shtheme.net/demosd/cruise/wp-content/themes/cruise/assets/css/bootstrap-select.min5010.css]
[shtheme.net/demosd/cruise/index2466.html]
[shtheme.net/demosd/cruise/indexe7ad.php]
[2.gravatar.com/avatar/22491a9b9b358496066ba8ca58766ea68b05.jpeg]
[2.gravatar.com/avatar/22491a9b9b358496066ba8ca58766ea6abe7.jpeg]
[shtheme.net/demosd/cruise/indexf24a.json]
[shtheme.net/demosd/cruise/index0f91.php]
[shtheme.net/demosd/cruise/wp-content/themes/cruise/assets/css/owl.carousel5010.css]
[shtheme.net/demosd/cruise/index99bd.json]
[shtheme.net/demosd/cruise/wp-content/themes/cruise/assets/css/owl-carousel-theme5010.css]
[shtheme.net/demosd/cruise/indexdf7b.php]
[shtheme.net/demosd/cruise/index5cda.php]
[shtheme.net/demosd/cruise/index19a2.json]
[shtheme.net/demosd/cruise/wp-content/themes/cruise/assets/fonts/glyphicons-halflings-regular.eot]
[2.gravatar.com/avatar/22491a9b9b358496066ba8ca58766ea68a63.jpeg]
[shtheme.net/demosd/cruise/wp-content/themes/cruise/assets/fonts/glyphicons-halflings-regulard41d.eot]
[shtheme.net/demosd/cruise/wp-content/themes/cruise/assets/fonts/glyphicons-halflings-regular.woff2]
[shtheme.net/demosd/cruise/indexb69a.php]
[shtheme.net/demosd/cruise/indexf7b0.php]
[shtheme.net/demosd/cruise/indexd033.json]
[shtheme.net/demosd/cruise/wp-content/themes/cruise/assets/fonts/glyphicons-halflings-regular.ttf]
[shtheme.net/demosd/cruise/wp-content/themes/cruise/assets/fonts/glyphicons-halflings-regular.svg]
[shtheme.net/demosd/cruise/wp-content/themes/cruise/assets/css/bootstrap.min5010.css]
[shtheme.net/demosd/cruise/wp-content/plugins/js_composer/assets/lib/bower/flexslider/fonts/flexslider-icon.eot]
[shtheme.net/demosd/cruise/indexa503.json]
[shtheme.net/demosd/cruise/indexa154.php]
[shtheme.net/demosd/cruise/indexe6d3.html]
[shtheme.net/demosd/cruise/index5597.php]
[shtheme.net/demosd/cruise/index7887.html]
[shtheme.net/demosd/cruise/indexe883.json]
[shtheme.net/demosd/cruise/index6de2.php]
[shtheme.net/demosd/cruise/indexc5d2.html]
[shtheme.net/demosd/cruise/index0419.json]
[shtheme.net/demosd/cruise/wp-content/plugins/js_composer/assets/lib/bower/flexslider/fonts/flexslider-icon.ttf]
[shtheme.net/demosd/cruise/indexe551.php]
[shtheme.net/demosd/cruise/wp-content/plugins/js_composer/assets/lib/bower/flexslider/flexslider.min2720.css]
[shtheme.net/demosd/cruise/indexd47d.json]
[shtheme.net/demosd/cruise/indexbad4.php]
[shtheme.net/demosd/cruise/index96d4.php]
[shtheme.net/demosd/cruise/indexb1fe.php]
[shtheme.net/demosd/cruise/wp-content/themes/cruise/assets/images/bg-image2.jpg]
[shtheme.net/demosd/cruise/indexd636.php]
[shtheme.net/demosd/cruise/indexd375.php]
[shtheme.net/demosd/cruise/index2020.json]
[shtheme.net/demosd/cruise/index11a9.json]
[shtheme.net/demosd/cruise/wp-content/themes/cruise/assets/images/bg-image9.jpg]
[shtheme.net/demosd/cruise/indexb77c.php]
[shtheme.net/demosd/cruise/index87b7.php]
[shtheme.net/demosd/cruise/wp-content/themes/cruise/assets/images/bg-image10.jpg]
[shtheme.net/demosd/cruise/wp-content/themes/cruise/assets/images/plane.jpg]
[shtheme.net/demosd/cruise/wp-content/themes/cruise/assets/images/bg-image11.jpg]
[shtheme.net/demosd/cruise/index5f36.json]
[shtheme.net/demosd/cruise/indexd530.php]
[shtheme.net/demosd/cruise/wp-content/themes/cruise/assets/images/holiday-slide5.jpg]
[shtheme.net/demosd/cruise/index49c3.php]
[shtheme.net/demosd/cruise/wp-content/themes/cruise/assets/images/bg-image12.jpg]
[shtheme.net/demosd/cruise/wp-content/themes/cruise/assets/images/hotel-slide4.jpg]
[shtheme.net/demosd/cruise/indexb9f8.php]
[shtheme.net/demosd/cruise/wp-content/themes/cruise/assets/images/bg-image13.jpg]
[shtheme.net/demosd/cruise/wp-content/themes/cruise/assets/images/cruise.jpg]
[shtheme.net/demosd/cruise/wp-content/themes/cruise/assets/images/bg-image16.jpg]
[shtheme.net/demosd/cruise/wp-content/themes/cruise/assets/images/hotel-bg.jpg]
[shtheme.net/demosd/cruise/wp-content/themes/cruise/assets/images/pattern.jpg]
[shtheme.net/demosd/cruise/wp-content/themes/cruise/assets/images/holiday-slide2.jpg]
[shtheme.net/demosd/cruise/wp-content/themes/cruise/assets/images/bg-image4.jpg]
[shtheme.net/demosd/cruise/wp-content/themes/cruise/assets/css/style5010.css]
[shtheme.net/demosd/cruise/indexaaff.php]
[shtheme.net/demosd/cruise/wp-content/themes/cruise/assets/font-awesome/fonts/fontawesome-webfonte0a5.eot]
[shtheme.net/demosd/cruise/index88e9.php]
[shtheme.net/demosd/cruise/wp-content/themes/cruise/assets/font-awesome/fonts/fontawesome-webfontd41d.eot]
[shtheme.net/demosd/cruise/wp-content/themes/cruise/assets/font-awesome/fonts/fontawesome-webfonte0a5.woff2]
[shtheme.net/demosd/cruise/wp-content/themes/cruise/assets/font-awesome/fonts/fontawesome-webfonte0a5.woff]
[shtheme.net/demosd/cruise/wp-content/themes/cruise/assets/font-awesome/fonts/fontawesome-webfonte0a5.ttf]
[shtheme.net/demosd/cruise/index0c94.php]
[shtheme.net/demosd/cruise/wp-content/themes/cruise/assets/font-awesome/css/font-awesome.min5010.css]
[shtheme.net/demosd/cruise/wp-content/themes/cruise/assets/css/light5010.css]
[shtheme.net/demosd/cruise/index69bb.json]
[shtheme.net/demosd/cruise/index8bfb.php]
[shtheme.net/demosd/cruise/wp-content/themes/cruise/style4667.css]
[shtheme.net/demosd/cruise/wp-content/plugins/mega_main_menu/framework/src/fonts/icomoon.eot]
[shtheme.net/demosd/cruise/index6d0c.json]
[shtheme.net/demosd/cruise/wp-content/plugins/mega_main_menu/framework/src/fonts/icomoon.ttf]
[shtheme.net/demosd/cruise/indexaea8.php]
[shtheme.net/demosd/cruise/wp-content/plugins/mega_main_menu/framework/src/css/icomoone7f3.css]
[shtheme.net/demosd/cruise/wp-content/plugins/mega_main_menu/src/css/cache.skin529b.css]
[shtheme.net/demosd/cruise/index64c7.json]
[shtheme.net/demosd/cruise/indexcfa8.php]
[shtheme.net/demosd/cruise/wp-content/plugins/js_composer/assets/vc/alert.png]
[shtheme.net/demosd/cruise/wp-content/plugins/js_composer/assets/vc/info.png]
[shtheme.net/demosd/cruise/wp-content/plugins/js_composer/assets/vc/tick.png]
[shtheme.net/demosd/cruise/indexbd43.json]
[shtheme.net/demosd/cruise/wp-content/plugins/js_composer/assets/vc/exclamation.png]
[shtheme.net/demosd/cruise/wp-content/plugins/js_composer/assets/images/icons/address-book.png]
[shtheme.net/demosd/cruise/wp-content/plugins/js_composer/assets/images/icons/alarm-clock.png]
[shtheme.net/demosd/cruise/indexdd49.php]
[shtheme.net/demosd/cruise/wp-content/plugins/js_composer/assets/images/icons/anchor.png]
[shtheme.net/demosd/cruise/index45ec.json]
[shtheme.net/demosd/cruise/wp-content/plugins/js_composer/assets/images/icons/application-image.png]
[shtheme.net/demosd/cruise/index870e.php]
[shtheme.net/demosd/cruise/indexa520.php]
[shtheme.net/demosd/cruise/wp-content/plugins/js_composer/assets/images/icons/arrow.png]
[shtheme.net/demosd/cruise/wp-content/plugins/js_composer/assets/images/icons/asterisk.png]
[shtheme.net/demosd/cruise/indexfa5c.json]
[shtheme.net/demosd/cruise/index0f11.php]
[shtheme.net/demosd/cruise/wp-content/plugins/js_composer/assets/images/icons/auction-hammer.png]
[shtheme.net/demosd/cruise/indexdcc8.json]
[shtheme.net/demosd/cruise/index0e79.php]
[shtheme.net/demosd/cruise/wp-content/plugins/js_composer/assets/images/icons/balloon.png]
[shtheme.net/demosd/cruise/index8943.php]
[shtheme.net/demosd/cruise/wp-content/plugins/js_composer/assets/images/icons/balloon-buzz.png]
[shtheme.net/demosd/cruise/indexc16b.php]
[shtheme.net/demosd/cruise/wp-content/plugins/js_composer/assets/images/icons/balloon-facebook.png]
[shtheme.net/demosd/cruise/indexa7ca.php]
[shtheme.net/demosd/cruise/index7c45.json]
[shtheme.net/demosd/cruise/index70d0.php]
[shtheme.net/demosd/cruise/indexf57e.php]
[shtheme.net/demosd/cruise/wp-content/plugins/js_composer/assets/images/icons/balloon-twitter.png]
[shtheme.net/demosd/cruise/index3e2f.json]
[shtheme.net/demosd/cruise/index381e.php]
[shtheme.net/demosd/cruise/wp-content/plugins/js_composer/assets/images/icons/battery-full.png]
[shtheme.net/demosd/cruise/wp-content/plugins/js_composer/assets/images/icons/binocular.png]
[shtheme.net/demosd/cruise/wp-content/plugins/js_composer/assets/images/icons/blue-document-excel.png]
[shtheme.net/demosd/cruise/wp-content/plugins/js_composer/assets/images/icons/blue-document-image.png]
[shtheme.net/demosd/cruise/indexf7fc.php]
[shtheme.net/demosd/cruise/index9bbe.php]
[shtheme.net/demosd/cruise/wp-content/plugins/js_composer/assets/images/icons/blue-document-music.png]
[shtheme.net/demosd/cruise/indexea44.php]
[shtheme.net/demosd/cruise/indexa73f.json]
[shtheme.net/demosd/cruise/wp-content/plugins/js_composer/assets/images/icons/blue-document-office.png]
[shtheme.net/demosd/cruise/index2b5b.php]
[shtheme.net/demosd/cruise/index11b8.php]
[shtheme.net/demosd/cruise/index2849.php]
[shtheme.net/demosd/cruise/index6b10.json]
[shtheme.net/demosd/cruise/index2335.php]
[shtheme.net/demosd/cruise/index0f45.php]
[shtheme.net/demosd/cruise/index0b6c.php]
[shtheme.net/demosd/cruise/index0a58.php]
[shtheme.net/demosd/cruise/wp-content/plugins/js_composer/assets/images/icons/blue-document-powerpoint.png]
[shtheme.net/demosd/cruise/indexf3a2.php]
[shtheme.net/demosd/cruise/index49f8.php]
[shtheme.net/demosd/cruise/indexe29b.php]
[shtheme.net/demosd/cruise/index1a86.json]
[shtheme.net/demosd/cruise/indexcfd0.php]
[shtheme.net/demosd/cruise/index0f94.json]
[shtheme.net/demosd/cruise/index25fc.json]
[shtheme.net/demosd/cruise/wp-content/plugins/js_composer/assets/images/icons/bookmark.png]
[shtheme.net/demosd/cruise/wp-content/plugins/js_composer/assets/images/icons/camcorder.png]
[shtheme.net/demosd/cruise/index36ca.php]
[shtheme.net/demosd/cruise/indexd508.php]
[shtheme.net/demosd/cruise/index5ccb.php]
[shtheme.net/demosd/cruise/index4d06.php]
[shtheme.net/demosd/cruise/index359b.json]
[shtheme.net/demosd/cruise/indexae88.json]
[shtheme.net/demosd/cruise/index507a.php]
[shtheme.net/demosd/cruise/index9020.html]
[shtheme.net/demosd/cruise/index7e31.html]
[shtheme.net/demosd/cruise/indexbbc0.html]
[shtheme.net/demosd/cruise/indexd2c9.php]
[shtheme.net/demosd/cruise/wp-content/plugins/js_composer/assets/images/icons/chart.235.delayed]
[shtheme.net/demosd/cruise/index1f80.html]
[shtheme.net/demosd/cruise/wp-content/plugins/js_composer/assets/images/icons/chart-pie.png]
[shtheme.net/demosd/cruise/wp-content/plugins/js_composer/assets/images/icons/clock.png]
[shtheme.net/demosd/cruise/wp-content/plugins/js_composer/assets/images/icons/control.png]
[shtheme.net/demosd/cruise/wp-content/plugins/js_composer/assets/images/icons/fire.png]
[shtheme.net/demosd/cruise/index41ac.php]
[shtheme.net/demosd/cruise/index846b.php]
[shtheme.net/demosd/cruise/indexcda3.php]
[shtheme.net/demosd/cruise/index0036.php]
[shtheme.net/demosd/cruise/index49e5.php]
[shtheme.net/demosd/cruise/index07aa.php]
[shtheme.net/demosd/cruise/indexee8b.php]
[shtheme.net/demosd/cruise/wp-content/plugins/js_composer/assets/images/icons/mail.png]
[shtheme.net/demosd/cruise/indexf4d4.php]
[shtheme.net/demosd/cruise/wp-content/plugins/js_composer/assets/images/icons/plus-shield.png]
[shtheme.net/demosd/cruise/index7bb8.php]
[shtheme.net/demosd/cruise/indexc8f1.php]
[shtheme.net/demosd/cruise/wp-content/plugins/js_composer/assets/images/icons/video.png]
[shtheme.net/demosd/cruise/index92bd.php]
[shtheme.net/demosd/cruise/indexf84a.php]
[shtheme.net/demosd/cruise/wp-content/plugins/js_composer/assets/images/toggle_open.png]
[shtheme.net/demosd/cruise/indexa857.php]
[shtheme.net/demosd/cruise/index6847.php]
[shtheme.net/demosd/cruise/wp-content/plugins/js_composer/assets/images/toggle_close.png]
[shtheme.net/demosd/cruise/index7abf.php]
[shtheme.net/demosd/cruise/index07e8.php]
[shtheme.net/demosd/cruise/index3394.json]
[shtheme.net/demosd/cruise/wp-content/plugins/js_composer/assets/images/flickr.png]
[shtheme.net/demosd/cruise/indexc90d.php]
[shtheme.net/demosd/cruise/index55fd.php]
[shtheme.net/demosd/cruise/wp-content/plugins/js_composer/assets/fonts/vc_grid/vc_grid_v157a1.eot]
[shtheme.net/demosd/cruise/indexb0a8.php]
[shtheme.net/demosd/cruise/index3aa5.php]
[shtheme.net/demosd/cruise/wp-content/plugins/js_composer/assets/fonts/vc_grid/vc_grid_v1d41d.eot]
[shtheme.net/demosd/cruise/indexadb1.json]
[shtheme.net/demosd/cruise/index66d2.php]
[shtheme.net/demosd/cruise/wp-content/plugins/js_composer/assets/fonts/vc_grid/vc_grid_v157a1.woff]
[shtheme.net/demosd/cruise/indexdaf0.php]
[shtheme.net/demosd/cruise/indexde31.json]
[shtheme.net/demosd/cruise/indexcf64.json]
[shtheme.net/demosd/cruise/wp-content/plugins/js_composer/assets/fonts/vc_grid/vc_grid_v157a1.ttf]
[shtheme.net/demosd/cruise/index0a4b.php]
[shtheme.net/demosd/cruise/indexafd5.php]
[shtheme.net/demosd/cruise/wp-content/plugins/js_composer/assets/css/js_composer.min2720.css]
[shtheme.net/demosd/cruise/index5750.json]
[shtheme.net/demosd/cruise/index236b.php]
[shtheme.net/demosd/cruise/index71c5.json]
[shtheme.net/demosd/cruise/index328d.php]
[shtheme.net/demosd/cruise/indexfc0e.php]
[shtheme.net/demosd/cruise/index148b.php]
[shtheme.net/demosd/cruise/index14cc.html]
[shtheme.net/demosd/cruise/index4f35.php]
[shtheme.net/demosd/cruise/indexfdd8.html]
[shtheme.net/demosd/cruise/wp-content/plugins/woocommerce/assets/fonts/stard41d.eot]
[shtheme.net/demosd/cruise/index411e.html]
[shtheme.net/demosd/cruise/index6cf3.html]
[shtheme.net/demosd/cruise/wp-content/plugins/js_composer/assets/lib/bower/flexslider/fonts/flexslider-icond41d.eot]
[shtheme.net/demosd/cruise/indexae74.html]
[shtheme.net/demosd/cruise/index1a26.html]
[shtheme.net/demosd/cruise/index60d6.html]
[shtheme.net/demosd/cruise/index47f2.html]
[shtheme.net/demosd/cruise/wp-content/plugins/mega_main_menu/framework/src/fonts/icomoond41d.eot]
[shtheme.net/demosd/cruise/index6ffe.html]
[shtheme.net/demosd/cruise/index6dee.html]
[shtheme.net/demosd/cruise/wp-includes/wlwmanifest.xml]
[shtheme.net/demosd/cruise/wp-content/uploads/2016/06/pattern.jpg]
[shtheme.net/demosd/cruise/wp-content/themes/cruise/assets/js/home35010.js]
[shtheme.net/demosd/cruise/wp-content/themes/cruise/assets/images/holiday-slide4.jpg]
[shtheme.net/demosd/cruise/index5791.html]
[shtheme.net/demosd/cruise/indexd636.php]
[shtheme.net/demosd/cruise/index648c.html]
[shtheme.net/demosd/cruise/index05fc.php]
[shtheme.net/demosd/cruise/indexe71b.html]
[shtheme.net/demosd/cruise/index55e4.html]
[shtheme.net/demosd/cruise/hotel-list.html]
[shtheme.net/demosd/cruise/wp-content/plugins/wp-hotel-booking/includes/libraries/camera/js/gallery.min5010.js]
[shtheme.net/demosd/cruise/index460d.html]
[shtheme.net/demosd/cruise/indexe4bc.html]
[shtheme.net/demosd/cruise/index9470.html]
[shtheme.net/demosd/cruise/index80b1.html]
[shtheme.net/demosd/cruise/assets/images/airline/vistara-2x.html]
[shtheme.net/demosd/cruise/assets/images/airline/indigo-2x.html]
[shtheme.net/demosd/cruise/assets/images/airline/spicejet-2x.html]
[shtheme.net/demosd/cruise/assets/images/airline/jet-2x.html]
[shtheme.net/demosd/cruise/holidays-list.html]
[shtheme.net/demosd/cruise/wp-content/themes/cruiseassets/images/tripadvisor.html]
[shtheme.net/demosd/cruise/index8e15.html]
[shtheme.net/demosd/cruise/index65d2.html]
[shtheme.net/demosd/cruise/index552f.html]
[shtheme.net/demosd/cruise/wp-content/uploads/2016/05/holiday-slide3.jpg]
[shtheme.net/demosd/cruise/indexbc08.html]
[shtheme.net/demosd/cruise/index5a62.html]
[shtheme.net/demosd/cruise/indexb300.html]
[shtheme.net/demosd/cruise/indexbaf1.html]
[shtheme.net/demosd/cruise/indexc834.html]
[shtheme.net/demosd/cruise/indexa06e.html]
[shtheme.net/demosd/cruise/index5d5d.html]
[shtheme.net/demosd/cruise/car-list.html]
[shtheme.net/demosd/cruise/index335d.php]
[shtheme.net/demosd/cruise/wp-content/uploads/2016/05/car-gallery1.jpg]
[shtheme.net/demosd/cruise/wp-content/uploads/2016/05/car-slide2-1.jpg]
[shtheme.net/demosd/cruise/index7ad2.html]
[shtheme.net/demosd/cruise/index9d37.html]
[shtheme.net/demosd/cruise/index7ee5.html]
[shtheme.net/demosd/cruise/index9e25.html]
[shtheme.net/demosd/cruise/index5420.html]
[shtheme.net/demosd/cruise/index2cf9.html]
[shtheme.net/demosd/cruise/wp-content/uploads/bfi_thumb/tour7-2-37jhwgy4jo43sg00du79xc.jpg]
[shtheme.net/demosd/cruise/indexcd64.html]
[shtheme.net/demosd/cruise/index62f7.json]
[shtheme.net/demosd/cruise/index1104.html]
[shtheme.net/demosd/cruise/index78a0.html]
[shtheme.net/demosd/cruise/index9844.html]
[shtheme.net/demosd/cruise/wp-content/plugins/woocommerce/assets/js/frontend/country-select.mind7ad.js]
[shtheme.net/demosd/cruise/wp-content/plugins/woocommerce/assets/css/prettyPhotod7ad.css]
[shtheme.net/demosd/cruise/indexd0b8.html]
[shtheme.net/demosd/cruise/index6543.html]
[shtheme.net/demosd/cruise/index5a6a.html]
[shtheme.net/demosd/cruise/indexcda3.php]
[shtheme.net/demosd/cruise/index261b.html]
[shtheme.net/demosd/cruise/index846b.php]
[shtheme.net/demosd/cruise/indexb6a8.html]
[shtheme.net/demosd/cruise/wp-content/uploads/2018/11/backpack-01-400x400.jpg]
[shtheme.net/demosd/cruise/index5010.html]
[shtheme.net/demosd/cruise/indexd00b.html]
[shtheme.net/demosd/cruise/xmlrpc0db0.html]
[shtheme.net/demosd/cruise/index05fc.php]
[shtheme.net/demosd/cruise/index9110.html]
[shtheme.net/demosd/cruise/index3904.html]
[shtheme.net/demosd/cruise/indexf7bb.html]
[shtheme.net/demosd/cruise/indexf8cb.html]
[shtheme.net/demosd/cruise/index53cc.html]
[shtheme.net/demosd/cruise/indexdfe7.html]
[shtheme.net/demosd/cruise/index78b2.html]
[shtheme.net/demosd/cruise/index73d9.html]
[shtheme.net/demosd/cruise/index05bb.html]
[shtheme.net/demosd/cruise/indexf3ea.html]
[shtheme.net/demosd/cruise/index19d7.html]
[shtheme.net/demosd/cruise/indexc276.html]
[shtheme.net/demosd/cruise/index8e49.html]
[shtheme.net/demosd/cruise/indexf4d4.php]
[shtheme.net/demosd/cruise/wp-content/uploads/2016/05/slide15-300x300.jpg]
[shtheme.net/demosd/cruise/wp-content/uploads/2016/05/holiday-slide3-300x300.jpg]
[shtheme.net/demosd/cruise/wp-content/uploads/2016/05/holiday-slide4-300x300.jpg]
[shtheme.net/demosd/cruise/index6ae1.html]
[shtheme.net/demosd/cruise/indexc90e.html]
[shtheme.net/demosd/cruise/index666f.html]
[shtheme.net/demosd/cruise/indexef5f.html]
[shtheme.net/demosd/cruise/index13cb.html]
[shtheme.net/demosd/cruise/indexda43.html]
[shtheme.net/demosd/cruise/indexd4c3.html]
[shtheme.net/demosd/cruise/index2745.html]
[shtheme.net/demosd/cruise/indexf84a.php]
[shtheme.net/demosd/cruise/index8956.html]
[shtheme.net/demosd/cruise/index2ee0.html]
[shtheme.net/demosd/cruise/index9536.html]
[shtheme.net/demosd/cruise/index5e99.html]
[shtheme.net/demosd/cruise/wp-content/uploads/2016/05/car-slide2-300x300.jpg]
[shtheme.net/demosd/cruise/wp-content/uploads/2016/05/car-gallery1-300x300.jpg]
[shtheme.net/demosd/cruise/index763b.html]
[shtheme.net/demosd/cruise/index12fb.html]
[shtheme.net/demosd/cruise/index77f6.html]
[shtheme.net/demosd/cruise/index578d.html]
[shtheme.net/demosd/cruise/indexa3ed.html]
[shtheme.net/demosd/cruise/index103a.html]
[shtheme.net/demosd/cruise/index6f8f.html]
[shtheme.net/demosd/cruise/index6e0b.html]
[shtheme.net/demosd/cruise/indexd083.php]
[shtheme.net/demosd/cruise/indexce96.html]
[shtheme.net/demosd/cruise/indexb801.html]
[shtheme.net/demosd/cruise/wp-content/uploads/2016/05/cruise-slide-1-300x300.jpg]
[shtheme.net/demosd/cruise/wp-content/uploads/2016/05/cruise-1-300x300.jpg]
[shtheme.net/demosd/cruise/wp-content/uploads/2016/05/cruise-slide1-1-300x300.jpg]
[shtheme.net/demosd/cruise/wp-content/uploads/2018/11/book-02-400x400.jpg]
[shtheme.net/demosd/cruise/wp-content/uploads/2018/11/backpack-02-600x600.jpg]
[shtheme.net/demosd/cruise/indexcd63.html]
[shtheme.net/demosd/cruise/index3ea5.html]
[shtheme.net/demosd/cruise/indexa55a.html]
[shtheme.net/demosd/cruise/index7213.html]
[shtheme.net/demosd/cruise/indexa6a7.html]
[shtheme.net/demosd/cruise/indexb662.html]
[shtheme.net/demosd/cruise/index7ba1.html]
[shtheme.net/demosd/cruise/index398b.html]
[shtheme.net/demosd/cruise/index0380.html]
[shtheme.net/demosd/cruise/indexec05.html]
[shtheme.net/demosd/cruise/indexae39.html]
[shtheme.net/demosd/cruise/index05fc.php]
[shtheme.net/demosd/cruise/indexe7d3.html]
[shtheme.net/demosd/cruise/indexcf67.html]
[shtheme.net/demosd/cruise/indexa314.html]
[shtheme.net/demosd/cruise/indexcc25.html]
[shtheme.net/demosd/cruise/index8715.html]
[shtheme.net/demosd/cruise/indexf758.html]
[shtheme.net/demosd/cruise/index36e3.html]
[shtheme.net/demosd/cruise/indexee11.html]
[shtheme.net/demosd/cruise/index12a9.html]
[shtheme.net/demosd/cruise/indexe61f.html]
[shtheme.net/demosd/cruise/index139b.html]
[shtheme.net/demosd/cruise/index164d.html]
[shtheme.net/demosd/cruise/index7aea.html]
[shtheme.net/demosd/cruise/indexb0d7.html]
[shtheme.net/demosd/cruise/index1896.html]
[shtheme.net/demosd/cruise/wp-content/uploads/2016/05/car-slide2-1-300x300.jpg]
[shtheme.net/demosd/cruise/indexa325.html]
[shtheme.net/demosd/cruise/indexc7c6.html]
[shtheme.net/demosd/cruise/index6638.html]
[shtheme.net/demosd/cruise/wp-content/uploads/2018/11/book-01-600x600.jpg]
[shtheme.net/demosd/cruise/wp-content/uploads/2018/11/book-03-400x400.jpg]
[shtheme.net/demosd/cruise/wp-content/uploads/2018/11/backpack-03-600x600.jpg]
[shtheme.net/demosd/cruise/index7a14.html]
[shtheme.net/demosd/cruise/indexc058.html]
[shtheme.net/demosd/cruise/indexee4a.html]
[shtheme.net/demosd/cruise/index7eec.html]
[shtheme.net/demosd/cruise/index4a3b.html]
[shtheme.net/demosd/cruise/indexca24.html]
[shtheme.net/demosd/cruise/index6a58.html]
[shtheme.net/demosd/cruise/indexf1f8.html]
[shtheme.net/demosd/cruise/wp-content/plugins/woocommerce/assets/fonts/star.svg]
[shtheme.net/demosd/cruise/wp-content/plugins/woocommerce/assets/fonts/WooCommerce.eot]
[shtheme.net/demosd/cruise/wp-content/plugins/woocommerce/assets/fonts/WooCommerce.svg]
[shtheme.net/demosd/cruise/wp-content/plugins/woocommerce/assets/images/icons/loader.svg]
[shtheme.net/demosd/cruise/wp-content/plugins/woocommerce/assets/images/icons/credit-cards/visa.svg]
[shtheme.net/demosd/cruise/wp-content/plugins/woocommerce/assets/images/icons/credit-cards/mastercard.svg]
[shtheme.net/demosd/cruise/wp-content/plugins/woocommerce/assets/images/icons/credit-cards/laser.svg]
[shtheme.net/demosd/cruise/wp-content/plugins/woocommerce/assets/images/icons/credit-cards/diners.svg]
[shtheme.net/demosd/cruise/wp-content/plugins/woocommerce/assets/images/icons/credit-cards/maestro.svg]
[shtheme.net/demosd/cruise/wp-content/plugins/woocommerce/assets/images/icons/credit-cards/jcb.svg]
[shtheme.net/demosd/cruise/wp-content/plugins/woocommerce/assets/images/icons/credit-cards/amex.svg]
[shtheme.net/demosd/cruise/wp-content/plugins/woocommerce/assets/images/icons/credit-cards/discover.svg]
[shtheme.net/demosd/cruise/wp-content/plugins/wp-hotel-booking/assets/fonts/fontawesome-webfont93e3.svg]
[shtheme.net/demosd/cruise/wp-content/plugins/wp-hotel-booking/assets/images/ui-bg_flat_75_ffffff_40x100.html]
[shtheme.net/demosd/cruise/wp-content/plugins/wp-hotel-booking/assets/images/ui-bg_highlight-soft_75_cccccc_1x100.html]
[shtheme.net/demosd/cruise/wp-content/plugins/wp-hotel-booking/assets/images/ui-bg_glass_75_e6e6e6_1x400.html]
[shtheme.net/demosd/cruise/wp-content/plugins/wp-hotel-booking/assets/images/ui-bg_glass_75_dadada_1x400.html]
[shtheme.net/demosd/cruise/wp-content/plugins/wp-hotel-booking/assets/images/ui-bg_glass_65_ffffff_1x400.png]
[shtheme.net/demosd/cruise/wp-content/plugins/wp-hotel-booking/assets/images/ui-bg_glass_55_fbf9ee_1x400.html]
[shtheme.net/demosd/cruise/wp-content/plugins/wp-hotel-booking/assets/images/ui-bg_glass_95_fef1ec_1x400.html]
[shtheme.net/demosd/cruise/wp-content/plugins/wp-hotel-booking/assets/images/ui-bg_flat_0_aaaaaa_40x100.html]
[shtheme.net/demosd/cruise/wp-content/plugins/wp-hotel-booking/assets/fonts/hotel-booking-star7622.eot]
[shtheme.net/demosd/cruise/wp-content/plugins/wp-hotel-booking/assets/fonts/hotel-booking-star7622.svg]
[shtheme.net/demosd/cruise/wp-content/plugins/wp-hotel-booking/assets/images/patterns/overlay6.png]
[shtheme.net/demosd/cruise/wp-content/plugins/wp-hotel-booking/assets/images/patterns/overlay7.png]
[shtheme.net/demosd/cruise/wp-content/plugins/wp-hotel-booking/assets/css/grabbing.html]
[shtheme.net/demosd/cruise/wp-content/plugins/wp-hotel-booking/assets/css/AjaxLoader.html]
[shtheme.net/demosd/cruise/wp-content/themes/cruise/assets/css/owl.video.play.png]
[shtheme.net/demosd/cruise/wp-content/themes/cruise/assets/fonts/glyphicons-halflings-regular.html]
[shtheme.net/demosd/cruise/wp-content/themes/cruise/assets/fonts/glyphicons-halflings-regulard41d.html]
[shtheme.net/demosd/cruise/wp-content/themes/cruise/assets/fonts/glyphicons-halflings-regular-2.html]
[shtheme.net/demosd/cruise/wp-content/themes/cruise/assets/fonts/glyphicons-halflings-regular.woff]
[shtheme.net/demosd/cruise/wp-content/themes/cruise/assets/fonts/glyphicons-halflings-regular-3.html]
[shtheme.net/demosd/cruise/wp-content/themes/cruise/assets/fonts/glyphicons-halflings-regular-4.html]
[shtheme.net/demosd/cruise/wp-content/plugins/js_composer/assets/lib/bower/flexslider/fonts/flexslider-icon.woff]
[shtheme.net/demosd/cruise/wp-content/plugins/js_composer/assets/lib/bower/flexslider/fonts/flexslider-icon.svg]
[shtheme.net/demosd/cruise/wp-content/themes/cruise/assets/font-awesome/fonts/fontawesome-webfonte0a5.svg]
[shtheme.net/demosd/cruise/wp-content/plugins/mega_main_menu/framework/src/fonts/icomoon.svg]
[shtheme.net/demosd/cruise/wp-content/plugins/js_composer/assets/images/icons/blue-document-pdf.png]
[shtheme.net/demosd/cruise/wp-content/plugins/js_composer/assets/images/icons/blue-document-word.png]
[shtheme.net/demosd/cruise/wp-content/plugins/js_composer/assets/images/icons/camera.png]
[shtheme.net/demosd/cruise/wp-content/plugins/js_composer/assets/images/icons/heart.png]
[shtheme.net/demosd/cruise/wp-content/plugins/js_composer/assets/fonts/vc_grid/vc_grid_v157a1.svg]
[shtheme.net/demosd/cruise/xmlrpc0db0.html]
[shtheme.net/demosd/cruise/index43b2.html]
[shtheme.net/demosd/cruise/index73d9.html]
[shtheme.net/demosd/cruise/wp-login.html]
[shtheme.net/demosd/cruise/indexb0d7.html]
[shtheme.net/demosd/cruise/index7a14.html]
[shtheme.net/demosd/cruise/wp-content/plugins/contact-form-7/includes/css/styles1748.html]
[shtheme.net/demosd/cruise/wp-content/plugins/woocommerce/assets/css/woocommerce-layoutd7ad.css]
[shtheme.net/demosd/cruise/xmlrpc0db0.html]
[shtheme.net/demosd/cruise/wp-content/plugins/contact-form-7/includes/js/scripts1748.html]
